CRITICAL - 2023-10-28 04:36:51 --> Invalid file: ".php"
in SYSTEMPATH\Exceptions\FrameworkException.php on line 33.
 1 SYSTEMPATH\View\View.php(212): CodeIgniter\Exceptions\FrameworkException::forInvalidFile('.php')
 2 SYSTEMPATH\Common.php(1180): CodeIgniter\View\View->render('', [], true)
 3 APPPATH\Controllers\ControllerUsuarios.php(52): view('', [...])
 4 SYSTEMPATH\CodeIgniter.php(932): App\Controllers\ControllerUsuarios->verUsuario('10')
 5 SYSTEMPATH\CodeIgniter.php(497): CodeIgniter\CodeIgniter->runController(Object(App\Controllers\ControllerUsuarios))
 6 SYSTEMPATH\CodeIgniter.php(366): CodeIgniter\CodeIgniter->handleRequest(null, Object(Config\Cache), false)
 7 FCPATH\index.php(67): CodeIgniter\CodeIgniter->run()
CRITICAL - 2023-10-28 04:45:21 --> Invalid file: "verUsuario.php"
in SYSTEMPATH\Exceptions\FrameworkException.php on line 33.
 1 SYSTEMPATH\View\View.php(212): CodeIgniter\Exceptions\FrameworkException::forInvalidFile('verUsuario.php')
 2 SYSTEMPATH\Common.php(1180): CodeIgniter\View\View->render('verUsuario', [], true)
 3 APPPATH\Controllers\ControllerUsuarios.php(52): view('verUsuario', [...])
 4 SYSTEMPATH\CodeIgniter.php(932): App\Controllers\ControllerUsuarios->verUsuario('1')
 5 SYSTEMPATH\CodeIgniter.php(497): CodeIgniter\CodeIgniter->runController(Object(App\Controllers\ControllerUsuarios))
 6 SYSTEMPATH\CodeIgniter.php(366): CodeIgniter\CodeIgniter->handleRequest(null, Object(Config\Cache), false)
 7 FCPATH\index.php(67): CodeIgniter\CodeIgniter->run()
CRITICAL - 2023-10-28 04:48:15 --> Invalid file: "verUsuario.php"
in SYSTEMPATH\Exceptions\FrameworkException.php on line 33.
 1 SYSTEMPATH\View\View.php(212): CodeIgniter\Exceptions\FrameworkException::forInvalidFile('verUsuario.php')
 2 SYSTEMPATH\Common.php(1180): CodeIgniter\View\View->render('verUsuario', [], true)
 3 APPPATH\Controllers\ControllerUsuarios.php(52): view('verUsuario', [...])
 4 SYSTEMPATH\CodeIgniter.php(932): App\Controllers\ControllerUsuarios->verUsuario('1')
 5 SYSTEMPATH\CodeIgniter.php(497): CodeIgniter\CodeIgniter->runController(Object(App\Controllers\ControllerUsuarios))
 6 SYSTEMPATH\CodeIgniter.php(366): CodeIgniter\CodeIgniter->handleRequest(null, Object(Config\Cache), false)
 7 FCPATH\index.php(67): CodeIgniter\CodeIgniter->run()
CRITICAL - 2023-10-28 05:00:09 --> Undefined array key "nombre"
in APPPATH\Views\crud_usuarios.php on line 108.
 1 APPPATH\Views\crud_usuarios.php(108): CodeIgniter\Debug\Exceptions->errorHandler(2, 'Undefined array key "nombre"', 'C:\\xampp\\htdocs\\Proyectofinal\\pp2023_Biblioteca_virtual\\app\\Views\\crud_usuarios.php', 108)
 2 SYSTEMPATH\View\View.php(224): include('C:\\xampp\\htdocs\\Proyectofinal\\pp2023_Biblioteca_virtual\\app\\Views\\crud_usuarios.php')
 3 SYSTEMPATH\View\View.php(227): CodeIgniter\View\View->CodeIgniter\View\{closure}()
 4 SYSTEMPATH\Common.php(1180): CodeIgniter\View\View->render('crud_usuarios', [], true)
 5 APPPATH\Controllers\ControllerUsuarios.php(15): view('crud_usuarios', [...])
 6 SYSTEMPATH\CodeIgniter.php(932): App\Controllers\ControllerUsuarios->cargarUsuarios()
 7 SYSTEMPATH\CodeIgniter.php(497): CodeIgniter\CodeIgniter->runController(Object(App\Controllers\ControllerUsuarios))
 8 SYSTEMPATH\CodeIgniter.php(366): CodeIgniter\CodeIgniter->handleRequest(null, Object(Config\Cache), false)
 9 FCPATH\index.php(67): CodeIgniter\CodeIgniter->run()
CRITICAL - 2023-10-28 05:00:34 --> Undefined array key "nombre"
in APPPATH\Views\crud_usuarios.php on line 108.
 1 APPPATH\Views\crud_usuarios.php(108): CodeIgniter\Debug\Exceptions->errorHandler(2, 'Undefined array key "nombre"', 'C:\\xampp\\htdocs\\Proyectofinal\\pp2023_Biblioteca_virtual\\app\\Views\\crud_usuarios.php', 108)
 2 SYSTEMPATH\View\View.php(224): include('C:\\xampp\\htdocs\\Proyectofinal\\pp2023_Biblioteca_virtual\\app\\Views\\crud_usuarios.php')
 3 SYSTEMPATH\View\View.php(227): CodeIgniter\View\View->CodeIgniter\View\{closure}()
 4 SYSTEMPATH\Common.php(1180): CodeIgniter\View\View->render('crud_usuarios', [], true)
 5 APPPATH\Controllers\ControllerUsuarios.php(15): view('crud_usuarios', [...])
 6 SYSTEMPATH\CodeIgniter.php(932): App\Controllers\ControllerUsuarios->cargarUsuarios()
 7 SYSTEMPATH\CodeIgniter.php(497): CodeIgniter\CodeIgniter->runController(Object(App\Controllers\ControllerUsuarios))
 8 SYSTEMPATH\CodeIgniter.php(366): CodeIgniter\CodeIgniter->handleRequest(null, Object(Config\Cache), false)
 9 FCPATH\index.php(67): CodeIgniter\CodeIgniter->run()
CRITICAL - 2023-10-28 05:05:52 --> Undefined array key "nombre"
in APPPATH\Views\crud_usuarios.php on line 108.
 1 APPPATH\Views\crud_usuarios.php(108): CodeIgniter\Debug\Exceptions->errorHandler(2, 'Undefined array key "nombre"', 'C:\\xampp\\htdocs\\Proyectofinal\\pp2023_Biblioteca_virtual\\app\\Views\\crud_usuarios.php', 108)
 2 SYSTEMPATH\View\View.php(224): include('C:\\xampp\\htdocs\\Proyectofinal\\pp2023_Biblioteca_virtual\\app\\Views\\crud_usuarios.php')
 3 SYSTEMPATH\View\View.php(227): CodeIgniter\View\View->CodeIgniter\View\{closure}()
 4 SYSTEMPATH\Common.php(1180): CodeIgniter\View\View->render('crud_usuarios', [], true)
 5 APPPATH\Controllers\ControllerUsuarios.php(15): view('crud_usuarios', [...])
 6 SYSTEMPATH\CodeIgniter.php(932): App\Controllers\ControllerUsuarios->cargarUsuarios()
 7 SYSTEMPATH\CodeIgniter.php(497): CodeIgniter\CodeIgniter->runController(Object(App\Controllers\ControllerUsuarios))
 8 SYSTEMPATH\CodeIgniter.php(366): CodeIgniter\CodeIgniter->handleRequest(null, Object(Config\Cache), false)
 9 FCPATH\index.php(67): CodeIgniter\CodeIgniter->run()
CRITICAL - 2023-10-28 05:05:58 --> Undefined array key "nombre"
in APPPATH\Views\crud_usuarios.php on line 108.
 1 APPPATH\Views\crud_usuarios.php(108): CodeIgniter\Debug\Exceptions->errorHandler(2, 'Undefined array key "nombre"', 'C:\\xampp\\htdocs\\Proyectofinal\\pp2023_Biblioteca_virtual\\app\\Views\\crud_usuarios.php', 108)
 2 SYSTEMPATH\View\View.php(224): include('C:\\xampp\\htdocs\\Proyectofinal\\pp2023_Biblioteca_virtual\\app\\Views\\crud_usuarios.php')
 3 SYSTEMPATH\View\View.php(227): CodeIgniter\View\View->CodeIgniter\View\{closure}()
 4 SYSTEMPATH\Common.php(1180): CodeIgniter\View\View->render('crud_usuarios', [], true)
 5 APPPATH\Controllers\ControllerUsuarios.php(15): view('crud_usuarios', [...])
 6 SYSTEMPATH\CodeIgniter.php(932): App\Controllers\ControllerUsuarios->cargarUsuarios()
 7 SYSTEMPATH\CodeIgniter.php(497): CodeIgniter\CodeIgniter->runController(Object(App\Controllers\ControllerUsuarios))
 8 SYSTEMPATH\CodeIgniter.php(366): CodeIgniter\CodeIgniter->handleRequest(null, Object(Config\Cache), false)
 9 FCPATH\index.php(67): CodeIgniter\CodeIgniter->run()
CRITICAL - 2023-10-28 05:06:17 --> Undefined array key "id"
in APPPATH\Views\crud_usuarios.php on line 108.
 1 APPPATH\Views\crud_usuarios.php(108): CodeIgniter\Debug\Exceptions->errorHandler(2, 'Undefined array key "id"', 'C:\\xampp\\htdocs\\Proyectofinal\\pp2023_Biblioteca_virtual\\app\\Views\\crud_usuarios.php', 108)
 2 SYSTEMPATH\View\View.php(224): include('C:\\xampp\\htdocs\\Proyectofinal\\pp2023_Biblioteca_virtual\\app\\Views\\crud_usuarios.php')
 3 SYSTEMPATH\View\View.php(227): CodeIgniter\View\View->CodeIgniter\View\{closure}()
 4 SYSTEMPATH\Common.php(1180): CodeIgniter\View\View->render('crud_usuarios', [], true)
 5 APPPATH\Controllers\ControllerUsuarios.php(15): view('crud_usuarios', [...])
 6 SYSTEMPATH\CodeIgniter.php(932): App\Controllers\ControllerUsuarios->cargarUsuarios()
 7 SYSTEMPATH\CodeIgniter.php(497): CodeIgniter\CodeIgniter->runController(Object(App\Controllers\ControllerUsuarios))
 8 SYSTEMPATH\CodeIgniter.php(366): CodeIgniter\CodeIgniter->handleRequest(null, Object(Config\Cache), false)
 9 FCPATH\index.php(67): CodeIgniter\CodeIgniter->run()
CRITICAL - 2023-10-28 05:06:35 --> Undefined array key "nombre"
in APPPATH\Views\crud_usuarios.php on line 108.
 1 APPPATH\Views\crud_usuarios.php(108): CodeIgniter\Debug\Exceptions->errorHandler(2, 'Undefined array key "nombre"', 'C:\\xampp\\htdocs\\Proyectofinal\\pp2023_Biblioteca_virtual\\app\\Views\\crud_usuarios.php', 108)
 2 SYSTEMPATH\View\View.php(224): include('C:\\xampp\\htdocs\\Proyectofinal\\pp2023_Biblioteca_virtual\\app\\Views\\crud_usuarios.php')
 3 SYSTEMPATH\View\View.php(227): CodeIgniter\View\View->CodeIgniter\View\{closure}()
 4 SYSTEMPATH\Common.php(1180): CodeIgniter\View\View->render('crud_usuarios', [], true)
 5 APPPATH\Controllers\ControllerUsuarios.php(15): view('crud_usuarios', [...])
 6 SYSTEMPATH\CodeIgniter.php(932): App\Controllers\ControllerUsuarios->cargarUsuarios()
 7 SYSTEMPATH\CodeIgniter.php(497): CodeIgniter\CodeIgniter->runController(Object(App\Controllers\ControllerUsuarios))
 8 SYSTEMPATH\CodeIgniter.php(366): CodeIgniter\CodeIgniter->handleRequest(null, Object(Config\Cache), false)
 9 FCPATH\index.php(67): CodeIgniter\CodeIgniter->run()
CRITICAL - 2023-10-28 05:13:13 --> Undefined array key "id"
in APPPATH\Views\crud_usuarios.php on line 106.
 1 APPPATH\Views\crud_usuarios.php(106): CodeIgniter\Debug\Exceptions->errorHandler(2, 'Undefined array key "id"', 'C:\\xampp\\htdocs\\Proyectofinal\\pp2023_Biblioteca_virtual\\app\\Views\\crud_usuarios.php', 106)
 2 SYSTEMPATH\View\View.php(224): include('C:\\xampp\\htdocs\\Proyectofinal\\pp2023_Biblioteca_virtual\\app\\Views\\crud_usuarios.php')
 3 SYSTEMPATH\View\View.php(227): CodeIgniter\View\View->CodeIgniter\View\{closure}()
 4 SYSTEMPATH\Common.php(1180): CodeIgniter\View\View->render('crud_usuarios', [], true)
 5 APPPATH\Controllers\ControllerUsuarios.php(15): view('crud_usuarios', [...])
 6 SYSTEMPATH\CodeIgniter.php(932): App\Controllers\ControllerUsuarios->cargarUsuarios()
 7 SYSTEMPATH\CodeIgniter.php(497): CodeIgniter\CodeIgniter->runController(Object(App\Controllers\ControllerUsuarios))
 8 SYSTEMPATH\CodeIgniter.php(366): CodeIgniter\CodeIgniter->handleRequest(null, Object(Config\Cache), false)
 9 FCPATH\index.php(67): CodeIgniter\CodeIgniter->run()
CRITICAL - 2023-10-28 05:14:32 --> Undefined array key "id"
in APPPATH\Views\crud_usuarios.php on line 106.
 1 APPPATH\Views\crud_usuarios.php(106): CodeIgniter\Debug\Exceptions->errorHandler(2, 'Undefined array key "id"', 'C:\\xampp\\htdocs\\Proyectofinal\\pp2023_Biblioteca_virtual\\app\\Views\\crud_usuarios.php', 106)
 2 SYSTEMPATH\View\View.php(224): include('C:\\xampp\\htdocs\\Proyectofinal\\pp2023_Biblioteca_virtual\\app\\Views\\crud_usuarios.php')
 3 SYSTEMPATH\View\View.php(227): CodeIgniter\View\View->CodeIgniter\View\{closure}()
 4 SYSTEMPATH\Common.php(1180): CodeIgniter\View\View->render('crud_usuarios', [], true)
 5 APPPATH\Controllers\ControllerUsuarios.php(15): view('crud_usuarios', [...])
 6 SYSTEMPATH\CodeIgniter.php(932): App\Controllers\ControllerUsuarios->cargarUsuarios()
 7 SYSTEMPATH\CodeIgniter.php(497): CodeIgniter\CodeIgniter->runController(Object(App\Controllers\ControllerUsuarios))
 8 SYSTEMPATH\CodeIgniter.php(366): CodeIgniter\CodeIgniter->handleRequest(null, Object(Config\Cache), false)
 9 FCPATH\index.php(67): CodeIgniter\CodeIgniter->run()
CRITICAL - 2023-10-28 05:23:04 --> Undefined array key "id"
in APPPATH\Views\crud_usuarios.php on line 106.
 1 APPPATH\Views\crud_usuarios.php(106): CodeIgniter\Debug\Exceptions->errorHandler(2, 'Undefined array key "id"', 'C:\\xampp\\htdocs\\Proyectofinal\\pp2023_Biblioteca_virtual\\app\\Views\\crud_usuarios.php', 106)
 2 SYSTEMPATH\View\View.php(224): include('C:\\xampp\\htdocs\\Proyectofinal\\pp2023_Biblioteca_virtual\\app\\Views\\crud_usuarios.php')
 3 SYSTEMPATH\View\View.php(227): CodeIgniter\View\View->CodeIgniter\View\{closure}()
 4 SYSTEMPATH\Common.php(1180): CodeIgniter\View\View->render('crud_usuarios', [], true)
 5 APPPATH\Controllers\ControllerUsuarios.php(15): view('crud_usuarios', [...])
 6 SYSTEMPATH\CodeIgniter.php(932): App\Controllers\ControllerUsuarios->cargarUsuarios()
 7 SYSTEMPATH\CodeIgniter.php(497): CodeIgniter\CodeIgniter->runController(Object(App\Controllers\ControllerUsuarios))
 8 SYSTEMPATH\CodeIgniter.php(366): CodeIgniter\CodeIgniter->handleRequest(null, Object(Config\Cache), false)
 9 FCPATH\index.php(67): CodeIgniter\CodeIgniter->run()
CRITICAL - 2023-10-28 05:23:35 --> Undefined array key "id"
in APPPATH\Views\crud_usuarios.php on line 106.
 1 APPPATH\Views\crud_usuarios.php(106): CodeIgniter\Debug\Exceptions->errorHandler(2, 'Undefined array key "id"', 'C:\\xampp\\htdocs\\Proyectofinal\\pp2023_Biblioteca_virtual\\app\\Views\\crud_usuarios.php', 106)
 2 SYSTEMPATH\View\View.php(224): include('C:\\xampp\\htdocs\\Proyectofinal\\pp2023_Biblioteca_virtual\\app\\Views\\crud_usuarios.php')
 3 SYSTEMPATH\View\View.php(227): CodeIgniter\View\View->CodeIgniter\View\{closure}()
 4 SYSTEMPATH\Common.php(1180): CodeIgniter\View\View->render('crud_usuarios', [], true)
 5 APPPATH\Controllers\ControllerUsuarios.php(15): view('crud_usuarios', [...])
 6 SYSTEMPATH\CodeIgniter.php(932): App\Controllers\ControllerUsuarios->cargarUsuarios()
 7 SYSTEMPATH\CodeIgniter.php(497): CodeIgniter\CodeIgniter->runController(Object(App\Controllers\ControllerUsuarios))
 8 SYSTEMPATH\CodeIgniter.php(366): CodeIgniter\CodeIgniter->handleRequest(null, Object(Config\Cache), false)
 9 FCPATH\index.php(67): CodeIgniter\CodeIgniter->run()
CRITICAL - 2023-10-28 05:25:40 --> Undefined array key "id"
in APPPATH\Views\crud_usuarios.php on line 105.
 1 APPPATH\Views\crud_usuarios.php(105): CodeIgniter\Debug\Exceptions->errorHandler(2, 'Undefined array key "id"', 'C:\\xampp\\htdocs\\Proyectofinal\\pp2023_Biblioteca_virtual\\app\\Views\\crud_usuarios.php', 105)
 2 SYSTEMPATH\View\View.php(224): include('C:\\xampp\\htdocs\\Proyectofinal\\pp2023_Biblioteca_virtual\\app\\Views\\crud_usuarios.php')
 3 SYSTEMPATH\View\View.php(227): CodeIgniter\View\View->CodeIgniter\View\{closure}()
 4 SYSTEMPATH\Common.php(1180): CodeIgniter\View\View->render('crud_usuarios', [], true)
 5 APPPATH\Controllers\ControllerUsuarios.php(15): view('crud_usuarios', [...])
 6 SYSTEMPATH\CodeIgniter.php(932): App\Controllers\ControllerUsuarios->cargarUsuarios()
 7 SYSTEMPATH\CodeIgniter.php(497): CodeIgniter\CodeIgniter->runController(Object(App\Controllers\ControllerUsuarios))
 8 SYSTEMPATH\CodeIgniter.php(366): CodeIgniter\CodeIgniter->handleRequest(null, Object(Config\Cache), false)
 9 FCPATH\index.php(67): CodeIgniter\CodeIgniter->run()
CRITICAL - 2023-10-28 05:25:42 --> Undefined array key "id"
in APPPATH\Views\crud_usuarios.php on line 105.
 1 APPPATH\Views\crud_usuarios.php(105): CodeIgniter\Debug\Exceptions->errorHandler(2, 'Undefined array key "id"', 'C:\\xampp\\htdocs\\Proyectofinal\\pp2023_Biblioteca_virtual\\app\\Views\\crud_usuarios.php', 105)
 2 SYSTEMPATH\View\View.php(224): include('C:\\xampp\\htdocs\\Proyectofinal\\pp2023_Biblioteca_virtual\\app\\Views\\crud_usuarios.php')
 3 SYSTEMPATH\View\View.php(227): CodeIgniter\View\View->CodeIgniter\View\{closure}()
 4 SYSTEMPATH\Common.php(1180): CodeIgniter\View\View->render('crud_usuarios', [], true)
 5 APPPATH\Controllers\ControllerUsuarios.php(15): view('crud_usuarios', [...])
 6 SYSTEMPATH\CodeIgniter.php(932): App\Controllers\ControllerUsuarios->cargarUsuarios()
 7 SYSTEMPATH\CodeIgniter.php(497): CodeIgniter\CodeIgniter->runController(Object(App\Controllers\ControllerUsuarios))
 8 SYSTEMPATH\CodeIgniter.php(366): CodeIgniter\CodeIgniter->handleRequest(null, Object(Config\Cache), false)
 9 FCPATH\index.php(67): CodeIgniter\CodeIgniter->run()
CRITICAL - 2023-10-28 05:31:01 --> Undefined array key "id"
in APPPATH\Views\crud_usuarios.php on line 105.
 1 APPPATH\Views\crud_usuarios.php(105): CodeIgniter\Debug\Exceptions->errorHandler(2, 'Undefined array key "id"', 'C:\\xampp\\htdocs\\Proyectofinal\\pp2023_Biblioteca_virtual\\app\\Views\\crud_usuarios.php', 105)
 2 SYSTEMPATH\View\View.php(224): include('C:\\xampp\\htdocs\\Proyectofinal\\pp2023_Biblioteca_virtual\\app\\Views\\crud_usuarios.php')
 3 SYSTEMPATH\View\View.php(227): CodeIgniter\View\View->CodeIgniter\View\{closure}()
 4 SYSTEMPATH\Common.php(1180): CodeIgniter\View\View->render('crud_usuarios', [], true)
 5 APPPATH\Controllers\ControllerUsuarios.php(15): view('crud_usuarios', [...])
 6 SYSTEMPATH\CodeIgniter.php(932): App\Controllers\ControllerUsuarios->cargarUsuarios()
 7 SYSTEMPATH\CodeIgniter.php(497): CodeIgniter\CodeIgniter->runController(Object(App\Controllers\ControllerUsuarios))
 8 SYSTEMPATH\CodeIgniter.php(366): CodeIgniter\CodeIgniter->handleRequest(null, Object(Config\Cache), false)
 9 FCPATH\index.php(67): CodeIgniter\CodeIgniter->run()
CRITICAL - 2023-10-28 05:31:02 --> Undefined array key "id"
in APPPATH\Views\crud_usuarios.php on line 105.
 1 APPPATH\Views\crud_usuarios.php(105): CodeIgniter\Debug\Exceptions->errorHandler(2, 'Undefined array key "id"', 'C:\\xampp\\htdocs\\Proyectofinal\\pp2023_Biblioteca_virtual\\app\\Views\\crud_usuarios.php', 105)
 2 SYSTEMPATH\View\View.php(224): include('C:\\xampp\\htdocs\\Proyectofinal\\pp2023_Biblioteca_virtual\\app\\Views\\crud_usuarios.php')
 3 SYSTEMPATH\View\View.php(227): CodeIgniter\View\View->CodeIgniter\View\{closure}()
 4 SYSTEMPATH\Common.php(1180): CodeIgniter\View\View->render('crud_usuarios', [], true)
 5 APPPATH\Controllers\ControllerUsuarios.php(15): view('crud_usuarios', [...])
 6 SYSTEMPATH\CodeIgniter.php(932): App\Controllers\ControllerUsuarios->cargarUsuarios()
 7 SYSTEMPATH\CodeIgniter.php(497): CodeIgniter\CodeIgniter->runController(Object(App\Controllers\ControllerUsuarios))
 8 SYSTEMPATH\CodeIgniter.php(366): CodeIgniter\CodeIgniter->handleRequest(null, Object(Config\Cache), false)
 9 FCPATH\index.php(67): CodeIgniter\CodeIgniter->run()
CRITICAL - 2023-10-28 05:31:03 --> Undefined array key "id"
in APPPATH\Views\crud_usuarios.php on line 105.
 1 APPPATH\Views\crud_usuarios.php(105): CodeIgniter\Debug\Exceptions->errorHandler(2, 'Undefined array key "id"', 'C:\\xampp\\htdocs\\Proyectofinal\\pp2023_Biblioteca_virtual\\app\\Views\\crud_usuarios.php', 105)
 2 SYSTEMPATH\View\View.php(224): include('C:\\xampp\\htdocs\\Proyectofinal\\pp2023_Biblioteca_virtual\\app\\Views\\crud_usuarios.php')
 3 SYSTEMPATH\View\View.php(227): CodeIgniter\View\View->CodeIgniter\View\{closure}()
 4 SYSTEMPATH\Common.php(1180): CodeIgniter\View\View->render('crud_usuarios', [], true)
 5 APPPATH\Controllers\ControllerUsuarios.php(15): view('crud_usuarios', [...])
 6 SYSTEMPATH\CodeIgniter.php(932): App\Controllers\ControllerUsuarios->cargarUsuarios()
 7 SYSTEMPATH\CodeIgniter.php(497): CodeIgniter\CodeIgniter->runController(Object(App\Controllers\ControllerUsuarios))
 8 SYSTEMPATH\CodeIgniter.php(366): CodeIgniter\CodeIgniter->handleRequest(null, Object(Config\Cache), false)
 9 FCPATH\index.php(67): CodeIgniter\CodeIgniter->run()
CRITICAL - 2023-10-28 05:31:03 --> Undefined array key "id"
in APPPATH\Views\crud_usuarios.php on line 105.
 1 APPPATH\Views\crud_usuarios.php(105): CodeIgniter\Debug\Exceptions->errorHandler(2, 'Undefined array key "id"', 'C:\\xampp\\htdocs\\Proyectofinal\\pp2023_Biblioteca_virtual\\app\\Views\\crud_usuarios.php', 105)
 2 SYSTEMPATH\View\View.php(224): include('C:\\xampp\\htdocs\\Proyectofinal\\pp2023_Biblioteca_virtual\\app\\Views\\crud_usuarios.php')
 3 SYSTEMPATH\View\View.php(227): CodeIgniter\View\View->CodeIgniter\View\{closure}()
 4 SYSTEMPATH\Common.php(1180): CodeIgniter\View\View->render('crud_usuarios', [], true)
 5 APPPATH\Controllers\ControllerUsuarios.php(15): view('crud_usuarios', [...])
 6 SYSTEMPATH\CodeIgniter.php(932): App\Controllers\ControllerUsuarios->cargarUsuarios()
 7 SYSTEMPATH\CodeIgniter.php(497): CodeIgniter\CodeIgniter->runController(Object(App\Controllers\ControllerUsuarios))
 8 SYSTEMPATH\CodeIgniter.php(366): CodeIgniter\CodeIgniter->handleRequest(null, Object(Config\Cache), false)
 9 FCPATH\index.php(67): CodeIgniter\CodeIgniter->run()
CRITICAL - 2023-10-28 05:33:13 --> Undefined array key "id"
in APPPATH\Views\crud_usuarios.php on line 105.
 1 APPPATH\Views\crud_usuarios.php(105): CodeIgniter\Debug\Exceptions->errorHandler(2, 'Undefined array key "id"', 'C:\\xampp\\htdocs\\Proyectofinal\\pp2023_Biblioteca_virtual\\app\\Views\\crud_usuarios.php', 105)
 2 SYSTEMPATH\View\View.php(224): include('C:\\xampp\\htdocs\\Proyectofinal\\pp2023_Biblioteca_virtual\\app\\Views\\crud_usuarios.php')
 3 SYSTEMPATH\View\View.php(227): CodeIgniter\View\View->CodeIgniter\View\{closure}()
 4 SYSTEMPATH\Common.php(1180): CodeIgniter\View\View->render('crud_usuarios', [], true)
 5 APPPATH\Controllers\ControllerUsuarios.php(15): view('crud_usuarios', [...])
 6 SYSTEMPATH\CodeIgniter.php(932): App\Controllers\ControllerUsuarios->cargarUsuarios()
 7 SYSTEMPATH\CodeIgniter.php(497): CodeIgniter\CodeIgniter->runController(Object(App\Controllers\ControllerUsuarios))
 8 SYSTEMPATH\CodeIgniter.php(366): CodeIgniter\CodeIgniter->handleRequest(null, Object(Config\Cache), false)
 9 FCPATH\index.php(67): CodeIgniter\CodeIgniter->run()
CRITICAL - 2023-10-28 05:35:28 --> Undefined array key "id"
in APPPATH\Views\crud_usuarios.php on line 105.
 1 APPPATH\Views\crud_usuarios.php(105): CodeIgniter\Debug\Exceptions->errorHandler(2, 'Undefined array key "id"', 'C:\\xampp\\htdocs\\Proyectofinal\\pp2023_Biblioteca_virtual\\app\\Views\\crud_usuarios.php', 105)
 2 SYSTEMPATH\View\View.php(224): include('C:\\xampp\\htdocs\\Proyectofinal\\pp2023_Biblioteca_virtual\\app\\Views\\crud_usuarios.php')
 3 SYSTEMPATH\View\View.php(227): CodeIgniter\View\View->CodeIgniter\View\{closure}()
 4 SYSTEMPATH\Common.php(1180): CodeIgniter\View\View->render('crud_usuarios', [], true)
 5 APPPATH\Controllers\ControllerUsuarios.php(15): view('crud_usuarios', [...])
 6 SYSTEMPATH\CodeIgniter.php(932): App\Controllers\ControllerUsuarios->cargarUsuarios()
 7 SYSTEMPATH\CodeIgniter.php(497): CodeIgniter\CodeIgniter->runController(Object(App\Controllers\ControllerUsuarios))
 8 SYSTEMPATH\CodeIgniter.php(366): CodeIgniter\CodeIgniter->handleRequest(null, Object(Config\Cache), false)
 9 FCPATH\index.php(67): CodeIgniter\CodeIgniter->run()
CRITICAL - 2023-10-28 05:35:40 --> Undefined array key "id"
in APPPATH\Views\crud_usuarios.php on line 105.
 1 APPPATH\Views\crud_usuarios.php(105): CodeIgniter\Debug\Exceptions->errorHandler(2, 'Undefined array key "id"', 'C:\\xampp\\htdocs\\Proyectofinal\\pp2023_Biblioteca_virtual\\app\\Views\\crud_usuarios.php', 105)
 2 SYSTEMPATH\View\View.php(224): include('C:\\xampp\\htdocs\\Proyectofinal\\pp2023_Biblioteca_virtual\\app\\Views\\crud_usuarios.php')
 3 SYSTEMPATH\View\View.php(227): CodeIgniter\View\View->CodeIgniter\View\{closure}()
 4 SYSTEMPATH\Common.php(1180): CodeIgniter\View\View->render('crud_usuarios', [], true)
 5 APPPATH\Controllers\ControllerUsuarios.php(15): view('crud_usuarios', [...])
 6 SYSTEMPATH\CodeIgniter.php(932): App\Controllers\ControllerUsuarios->cargarUsuarios()
 7 SYSTEMPATH\CodeIgniter.php(497): CodeIgniter\CodeIgniter->runController(Object(App\Controllers\ControllerUsuarios))
 8 SYSTEMPATH\CodeIgniter.php(366): CodeIgniter\CodeIgniter->handleRequest(null, Object(Config\Cache), false)
 9 FCPATH\index.php(67): CodeIgniter\CodeIgniter->run()
CRITICAL - 2023-10-28 05:38:13 --> Undefined array key "id"
in APPPATH\Views\crud_usuarios.php on line 105.
 1 APPPATH\Views\crud_usuarios.php(105): CodeIgniter\Debug\Exceptions->errorHandler(2, 'Undefined array key "id"', 'C:\\xampp\\htdocs\\Proyectofinal\\pp2023_Biblioteca_virtual\\app\\Views\\crud_usuarios.php', 105)
 2 SYSTEMPATH\View\View.php(224): include('C:\\xampp\\htdocs\\Proyectofinal\\pp2023_Biblioteca_virtual\\app\\Views\\crud_usuarios.php')
 3 SYSTEMPATH\View\View.php(227): CodeIgniter\View\View->CodeIgniter\View\{closure}()
 4 SYSTEMPATH\Common.php(1180): CodeIgniter\View\View->render('crud_usuarios', [], true)
 5 APPPATH\Controllers\ControllerUsuarios.php(15): view('crud_usuarios', [...])
 6 SYSTEMPATH\CodeIgniter.php(932): App\Controllers\ControllerUsuarios->cargarUsuarios()
 7 SYSTEMPATH\CodeIgniter.php(497): CodeIgniter\CodeIgniter->runController(Object(App\Controllers\ControllerUsuarios))
 8 SYSTEMPATH\CodeIgniter.php(366): CodeIgniter\CodeIgniter->handleRequest(null, Object(Config\Cache), false)
 9 FCPATH\index.php(67): CodeIgniter\CodeIgniter->run()
CRITICAL - 2023-10-28 05:38:17 --> Undefined array key "id"
in APPPATH\Views\crud_usuarios.php on line 105.
 1 APPPATH\Views\crud_usuarios.php(105): CodeIgniter\Debug\Exceptions->errorHandler(2, 'Undefined array key "id"', 'C:\\xampp\\htdocs\\Proyectofinal\\pp2023_Biblioteca_virtual\\app\\Views\\crud_usuarios.php', 105)
 2 SYSTEMPATH\View\View.php(224): include('C:\\xampp\\htdocs\\Proyectofinal\\pp2023_Biblioteca_virtual\\app\\Views\\crud_usuarios.php')
 3 SYSTEMPATH\View\View.php(227): CodeIgniter\View\View->CodeIgniter\View\{closure}()
 4 SYSTEMPATH\Common.php(1180): CodeIgniter\View\View->render('crud_usuarios', [], true)
 5 APPPATH\Controllers\ControllerUsuarios.php(15): view('crud_usuarios', [...])
 6 SYSTEMPATH\CodeIgniter.php(932): App\Controllers\ControllerUsuarios->cargarUsuarios()
 7 SYSTEMPATH\CodeIgniter.php(497): CodeIgniter\CodeIgniter->runController(Object(App\Controllers\ControllerUsuarios))
 8 SYSTEMPATH\CodeIgniter.php(366): CodeIgniter\CodeIgniter->handleRequest(null, Object(Config\Cache), false)
 9 FCPATH\index.php(67): CodeIgniter\CodeIgniter->run()
CRITICAL - 2023-10-28 05:43:34 --> Undefined array key "nombre"
in APPPATH\Views\crud_usuarios.php on line 108.
 1 APPPATH\Views\crud_usuarios.php(108): CodeIgniter\Debug\Exceptions->errorHandler(2, 'Undefined array key "nombre"', 'C:\\xampp\\htdocs\\Proyectofinal\\pp2023_Biblioteca_virtual\\app\\Views\\crud_usuarios.php', 108)
 2 SYSTEMPATH\View\View.php(224): include('C:\\xampp\\htdocs\\Proyectofinal\\pp2023_Biblioteca_virtual\\app\\Views\\crud_usuarios.php')
 3 SYSTEMPATH\View\View.php(227): CodeIgniter\View\View->CodeIgniter\View\{closure}()
 4 SYSTEMPATH\Common.php(1180): CodeIgniter\View\View->render('crud_usuarios', [], true)
 5 APPPATH\Controllers\ControllerUsuarios.php(15): view('crud_usuarios', [...])
 6 SYSTEMPATH\CodeIgniter.php(932): App\Controllers\ControllerUsuarios->cargarUsuarios()
 7 SYSTEMPATH\CodeIgniter.php(497): CodeIgniter\CodeIgniter->runController(Object(App\Controllers\ControllerUsuarios))
 8 SYSTEMPATH\CodeIgniter.php(366): CodeIgniter\CodeIgniter->handleRequest(null, Object(Config\Cache), false)
 9 FCPATH\index.php(67): CodeIgniter\CodeIgniter->run()
CRITICAL - 2023-10-28 05:45:36 --> Cannot access offset of type string on string
in APPPATH\Views\crud_usuarios.php on line 84.
 1 SYSTEMPATH\View\View.php(224): include()
 2 SYSTEMPATH\View\View.php(227): CodeIgniter\View\View->CodeIgniter\View\{closure}()
 3 SYSTEMPATH\Common.php(1180): CodeIgniter\View\View->render('crud_usuarios', [], true)
 4 APPPATH\Controllers\ControllerUsuarios.php(52): view('crud_usuarios', [...])
 5 SYSTEMPATH\CodeIgniter.php(932): App\Controllers\ControllerUsuarios->verUsuario('1')
 6 SYSTEMPATH\CodeIgniter.php(497): CodeIgniter\CodeIgniter->runController(Object(App\Controllers\ControllerUsuarios))
 7 SYSTEMPATH\CodeIgniter.php(366): CodeIgniter\CodeIgniter->handleRequest(null, Object(Config\Cache), false)
 8 FCPATH\index.php(67): CodeIgniter\CodeIgniter->run()
CRITICAL - 2023-10-28 05:50:45 --> Cannot access offset of type string on string
in APPPATH\Views\crud_usuarios.php on line 84.
 1 SYSTEMPATH\View\View.php(224): include()
 2 SYSTEMPATH\View\View.php(227): CodeIgniter\View\View->CodeIgniter\View\{closure}()
 3 SYSTEMPATH\Common.php(1180): CodeIgniter\View\View->render('crud_usuarios', [], true)
 4 APPPATH\Controllers\ControllerUsuarios.php(52): view('crud_usuarios', [...])
 5 SYSTEMPATH\CodeIgniter.php(932): App\Controllers\ControllerUsuarios->verUsuario('1')
 6 SYSTEMPATH\CodeIgniter.php(497): CodeIgniter\CodeIgniter->runController(Object(App\Controllers\ControllerUsuarios))
 7 SYSTEMPATH\CodeIgniter.php(366): CodeIgniter\CodeIgniter->handleRequest(null, Object(Config\Cache), false)
 8 FCPATH\index.php(67): CodeIgniter\CodeIgniter->run()
CRITICAL - 2023-10-28 05:51:36 --> Cannot access offset of type string on string
in APPPATH\Views\crud_usuarios.php on line 84.
 1 SYSTEMPATH\View\View.php(224): include()
 2 SYSTEMPATH\View\View.php(227): CodeIgniter\View\View->CodeIgniter\View\{closure}()
 3 SYSTEMPATH\Common.php(1180): CodeIgniter\View\View->render('crud_usuarios', [], true)
 4 APPPATH\Controllers\ControllerUsuarios.php(52): view('crud_usuarios', [...])
 5 SYSTEMPATH\CodeIgniter.php(932): App\Controllers\ControllerUsuarios->verUsuario('1')
 6 SYSTEMPATH\CodeIgniter.php(497): CodeIgniter\CodeIgniter->runController(Object(App\Controllers\ControllerUsuarios))
 7 SYSTEMPATH\CodeIgniter.php(366): CodeIgniter\CodeIgniter->handleRequest(null, Object(Config\Cache), false)
 8 FCPATH\index.php(67): CodeIgniter\CodeIgniter->run()
CRITICAL - 2023-10-28 05:53:32 --> Undefined array key "id"
in APPPATH\Views\crud_usuarios.php on line 84.
 1 APPPATH\Views\crud_usuarios.php(84): CodeIgniter\Debug\Exceptions->errorHandler(2, 'Undefined array key "id"', 'C:\\xampp\\htdocs\\Proyectofinal\\pp2023_Biblioteca_virtual\\app\\Views\\crud_usuarios.php', 84)
 2 SYSTEMPATH\View\View.php(224): include('C:\\xampp\\htdocs\\Proyectofinal\\pp2023_Biblioteca_virtual\\app\\Views\\crud_usuarios.php')
 3 SYSTEMPATH\View\View.php(227): CodeIgniter\View\View->CodeIgniter\View\{closure}()
 4 SYSTEMPATH\Common.php(1180): CodeIgniter\View\View->render('crud_usuarios', [], true)
 5 APPPATH\Controllers\ControllerUsuarios.php(15): view('crud_usuarios', [...])
 6 SYSTEMPATH\CodeIgniter.php(932): App\Controllers\ControllerUsuarios->cargarUsuarios()
 7 SYSTEMPATH\CodeIgniter.php(497): CodeIgniter\CodeIgniter->runController(Object(App\Controllers\ControllerUsuarios))
 8 SYSTEMPATH\CodeIgniter.php(366): CodeIgniter\CodeIgniter->handleRequest(null, Object(Config\Cache), false)
 9 FCPATH\index.php(67): CodeIgniter\CodeIgniter->run()
CRITICAL - 2023-10-28 05:53:33 --> Undefined array key "id"
in APPPATH\Views\crud_usuarios.php on line 84.
 1 APPPATH\Views\crud_usuarios.php(84): CodeIgniter\Debug\Exceptions->errorHandler(2, 'Undefined array key "id"', 'C:\\xampp\\htdocs\\Proyectofinal\\pp2023_Biblioteca_virtual\\app\\Views\\crud_usuarios.php', 84)
 2 SYSTEMPATH\View\View.php(224): include('C:\\xampp\\htdocs\\Proyectofinal\\pp2023_Biblioteca_virtual\\app\\Views\\crud_usuarios.php')
 3 SYSTEMPATH\View\View.php(227): CodeIgniter\View\View->CodeIgniter\View\{closure}()
 4 SYSTEMPATH\Common.php(1180): CodeIgniter\View\View->render('crud_usuarios', [], true)
 5 APPPATH\Controllers\ControllerUsuarios.php(15): view('crud_usuarios', [...])
 6 SYSTEMPATH\CodeIgniter.php(932): App\Controllers\ControllerUsuarios->cargarUsuarios()
 7 SYSTEMPATH\CodeIgniter.php(497): CodeIgniter\CodeIgniter->runController(Object(App\Controllers\ControllerUsuarios))
 8 SYSTEMPATH\CodeIgniter.php(366): CodeIgniter\CodeIgniter->handleRequest(null, Object(Config\Cache), false)
 9 FCPATH\index.php(67): CodeIgniter\CodeIgniter->run()
CRITICAL - 2023-10-28 05:53:40 --> Undefined array key "id"
in APPPATH\Views\crud_usuarios.php on line 84.
 1 APPPATH\Views\crud_usuarios.php(84): CodeIgniter\Debug\Exceptions->errorHandler(2, 'Undefined array key "id"', 'C:\\xampp\\htdocs\\Proyectofinal\\pp2023_Biblioteca_virtual\\app\\Views\\crud_usuarios.php', 84)
 2 SYSTEMPATH\View\View.php(224): include('C:\\xampp\\htdocs\\Proyectofinal\\pp2023_Biblioteca_virtual\\app\\Views\\crud_usuarios.php')
 3 SYSTEMPATH\View\View.php(227): CodeIgniter\View\View->CodeIgniter\View\{closure}()
 4 SYSTEMPATH\Common.php(1180): CodeIgniter\View\View->render('crud_usuarios', [], true)
 5 APPPATH\Controllers\ControllerUsuarios.php(15): view('crud_usuarios', [...])
 6 SYSTEMPATH\CodeIgniter.php(932): App\Controllers\ControllerUsuarios->cargarUsuarios()
 7 SYSTEMPATH\CodeIgniter.php(497): CodeIgniter\CodeIgniter->runController(Object(App\Controllers\ControllerUsuarios))
 8 SYSTEMPATH\CodeIgniter.php(366): CodeIgniter\CodeIgniter->handleRequest(null, Object(Config\Cache), false)
 9 FCPATH\index.php(67): CodeIgniter\CodeIgniter->run()
CRITICAL - 2023-10-28 05:54:45 --> Undefined array key "id"
in APPPATH\Views\crud_usuarios.php on line 84.
 1 APPPATH\Views\crud_usuarios.php(84): CodeIgniter\Debug\Exceptions->errorHandler(2, 'Undefined array key "id"', 'C:\\xampp\\htdocs\\Proyectofinal\\pp2023_Biblioteca_virtual\\app\\Views\\crud_usuarios.php', 84)
 2 SYSTEMPATH\View\View.php(224): include('C:\\xampp\\htdocs\\Proyectofinal\\pp2023_Biblioteca_virtual\\app\\Views\\crud_usuarios.php')
 3 SYSTEMPATH\View\View.php(227): CodeIgniter\View\View->CodeIgniter\View\{closure}()
 4 SYSTEMPATH\Common.php(1180): CodeIgniter\View\View->render('crud_usuarios', [], true)
 5 APPPATH\Controllers\ControllerUsuarios.php(19): view('crud_usuarios', [...])
 6 SYSTEMPATH\CodeIgniter.php(932): App\Controllers\ControllerUsuarios->cargarUsuarios()
 7 SYSTEMPATH\CodeIgniter.php(497): CodeIgniter\CodeIgniter->runController(Object(App\Controllers\ControllerUsuarios))
 8 SYSTEMPATH\CodeIgniter.php(366): CodeIgniter\CodeIgniter->handleRequest(null, Object(Config\Cache), false)
 9 FCPATH\index.php(67): CodeIgniter\CodeIgniter->run()
CRITICAL - 2023-10-28 05:56:45 --> Cannot access offset of type string on string
in APPPATH\Views\crud_usuarios.php on line 84.
 1 SYSTEMPATH\View\View.php(224): include()
 2 SYSTEMPATH\View\View.php(227): CodeIgniter\View\View->CodeIgniter\View\{closure}()
 3 SYSTEMPATH\Common.php(1180): CodeIgniter\View\View->render('crud_usuarios', [], true)
 4 APPPATH\Controllers\ControllerUsuarios.php(53): view('crud_usuarios', [...])
 5 SYSTEMPATH\CodeIgniter.php(932): App\Controllers\ControllerUsuarios->verUsuario('1')
 6 SYSTEMPATH\CodeIgniter.php(497): CodeIgniter\CodeIgniter->runController(Object(App\Controllers\ControllerUsuarios))
 7 SYSTEMPATH\CodeIgniter.php(366): CodeIgniter\CodeIgniter->handleRequest(null, Object(Config\Cache), false)
 8 FCPATH\index.php(67): CodeIgniter\CodeIgniter->run()
CRITICAL - 2023-10-28 05:57:32 --> Cannot access offset of type string on string
in APPPATH\Views\crud_usuarios.php on line 84.
 1 SYSTEMPATH\View\View.php(224): include()
 2 SYSTEMPATH\View\View.php(227): CodeIgniter\View\View->CodeIgniter\View\{closure}()
 3 SYSTEMPATH\Common.php(1180): CodeIgniter\View\View->render('crud_usuarios', [], true)
 4 APPPATH\Controllers\ControllerUsuarios.php(53): view('crud_usuarios', [...])
 5 SYSTEMPATH\CodeIgniter.php(932): App\Controllers\ControllerUsuarios->verUsuario('1')
 6 SYSTEMPATH\CodeIgniter.php(497): CodeIgniter\CodeIgniter->runController(Object(App\Controllers\ControllerUsuarios))
 7 SYSTEMPATH\CodeIgniter.php(366): CodeIgniter\CodeIgniter->handleRequest(null, Object(Config\Cache), false)
 8 FCPATH\index.php(67): CodeIgniter\CodeIgniter->run()
CRITICAL - 2023-10-28 05:58:13 --> Cannot access offset of type string on string
in APPPATH\Views\crud_usuarios.php on line 61.
 1 SYSTEMPATH\View\View.php(224): include()
 2 SYSTEMPATH\View\View.php(227): CodeIgniter\View\View->CodeIgniter\View\{closure}()
 3 SYSTEMPATH\Common.php(1180): CodeIgniter\View\View->render('crud_usuarios', [], true)
 4 APPPATH\Controllers\ControllerUsuarios.php(53): view('crud_usuarios', [...])
 5 SYSTEMPATH\CodeIgniter.php(932): App\Controllers\ControllerUsuarios->verUsuario('1')
 6 SYSTEMPATH\CodeIgniter.php(497): CodeIgniter\CodeIgniter->runController(Object(App\Controllers\ControllerUsuarios))
 7 SYSTEMPATH\CodeIgniter.php(366): CodeIgniter\CodeIgniter->handleRequest(null, Object(Config\Cache), false)
 8 FCPATH\index.php(67): CodeIgniter\CodeIgniter->run()
CRITICAL - 2023-10-28 06:13:29 --> syntax error, unexpected string content ""
in APPPATH\Views\crud_usuarios.php on line 127.
 1 SYSTEMPATH\View\View.php(227): CodeIgniter\View\View->CodeIgniter\View\{closure}()
 2 SYSTEMPATH\Common.php(1180): CodeIgniter\View\View->render('crud_usuarios', [], true)
 3 APPPATH\Controllers\ControllerUsuarios.php(15): view('crud_usuarios', [...])
 4 SYSTEMPATH\CodeIgniter.php(932): App\Controllers\ControllerUsuarios->cargarUsuarios()
 5 SYSTEMPATH\CodeIgniter.php(497): CodeIgniter\CodeIgniter->runController(Object(App\Controllers\ControllerUsuarios))
 6 SYSTEMPATH\CodeIgniter.php(366): CodeIgniter\CodeIgniter->handleRequest(null, Object(Config\Cache), false)
 7 FCPATH\index.php(67): CodeIgniter\CodeIgniter->run()
CRITICAL - 2023-10-28 06:22:48 --> Cannot access offset of type string on string
in APPPATH\Views\crud_usuarios.php on line 84.
 1 SYSTEMPATH\View\View.php(224): include()
 2 SYSTEMPATH\View\View.php(227): CodeIgniter\View\View->CodeIgniter\View\{closure}()
 3 SYSTEMPATH\Common.php(1180): CodeIgniter\View\View->render('crud_usuarios', [], true)
 4 APPPATH\Controllers\ControllerUsuarios.php(53): view('crud_usuarios', [...])
 5 SYSTEMPATH\CodeIgniter.php(932): App\Controllers\ControllerUsuarios->verUsuario('1')
 6 SYSTEMPATH\CodeIgniter.php(497): CodeIgniter\CodeIgniter->runController(Object(App\Controllers\ControllerUsuarios))
 7 SYSTEMPATH\CodeIgniter.php(366): CodeIgniter\CodeIgniter->handleRequest(null, Object(Config\Cache), false)
 8 FCPATH\index.php(67): CodeIgniter\CodeIgniter->run()
CRITICAL - 2023-10-28 06:23:23 --> Undefined array key "id"
in APPPATH\Views\crud_usuarios.php on line 105.
 1 APPPATH\Views\crud_usuarios.php(105): CodeIgniter\Debug\Exceptions->errorHandler(2, 'Undefined array key "id"', 'C:\\xampp\\htdocs\\Proyectofinal\\pp2023_Biblioteca_virtual\\app\\Views\\crud_usuarios.php', 105)
 2 SYSTEMPATH\View\View.php(224): include('C:\\xampp\\htdocs\\Proyectofinal\\pp2023_Biblioteca_virtual\\app\\Views\\crud_usuarios.php')
 3 SYSTEMPATH\View\View.php(227): CodeIgniter\View\View->CodeIgniter\View\{closure}()
 4 SYSTEMPATH\Common.php(1180): CodeIgniter\View\View->render('crud_usuarios', [], true)
 5 APPPATH\Controllers\ControllerUsuarios.php(15): view('crud_usuarios', [...])
 6 SYSTEMPATH\CodeIgniter.php(932): App\Controllers\ControllerUsuarios->cargarUsuarios()
 7 SYSTEMPATH\CodeIgniter.php(497): CodeIgniter\CodeIgniter->runController(Object(App\Controllers\ControllerUsuarios))
 8 SYSTEMPATH\CodeIgniter.php(366): CodeIgniter\CodeIgniter->handleRequest(null, Object(Config\Cache), false)
 9 FCPATH\index.php(67): CodeIgniter\CodeIgniter->run()
CRITICAL - 2023-10-28 06:23:41 --> Undefined array key "id"
in APPPATH\Views\crud_usuarios.php on line 106.
 1 APPPATH\Views\crud_usuarios.php(106): CodeIgniter\Debug\Exceptions->errorHandler(2, 'Undefined array key "id"', 'C:\\xampp\\htdocs\\Proyectofinal\\pp2023_Biblioteca_virtual\\app\\Views\\crud_usuarios.php', 106)
 2 SYSTEMPATH\View\View.php(224): include('C:\\xampp\\htdocs\\Proyectofinal\\pp2023_Biblioteca_virtual\\app\\Views\\crud_usuarios.php')
 3 SYSTEMPATH\View\View.php(227): CodeIgniter\View\View->CodeIgniter\View\{closure}()
 4 SYSTEMPATH\Common.php(1180): CodeIgniter\View\View->render('crud_usuarios', [], true)
 5 APPPATH\Controllers\ControllerUsuarios.php(15): view('crud_usuarios', [...])
 6 SYSTEMPATH\CodeIgniter.php(932): App\Controllers\ControllerUsuarios->cargarUsuarios()
 7 SYSTEMPATH\CodeIgniter.php(497): CodeIgniter\CodeIgniter->runController(Object(App\Controllers\ControllerUsuarios))
 8 SYSTEMPATH\CodeIgniter.php(366): CodeIgniter\CodeIgniter->handleRequest(null, Object(Config\Cache), false)
 9 FCPATH\index.php(67): CodeIgniter\CodeIgniter->run()
CRITICAL - 2023-10-28 06:24:06 --> Cannot access offset of type string on string
in APPPATH\Views\crud_usuarios.php on line 84.
 1 SYSTEMPATH\View\View.php(224): include()
 2 SYSTEMPATH\View\View.php(227): CodeIgniter\View\View->CodeIgniter\View\{closure}()
 3 SYSTEMPATH\Common.php(1180): CodeIgniter\View\View->render('crud_usuarios', [], true)
 4 APPPATH\Controllers\ControllerUsuarios.php(53): view('crud_usuarios', [...])
 5 SYSTEMPATH\CodeIgniter.php(932): App\Controllers\ControllerUsuarios->verUsuario('1')
 6 SYSTEMPATH\CodeIgniter.php(497): CodeIgniter\CodeIgniter->runController(Object(App\Controllers\ControllerUsuarios))
 7 SYSTEMPATH\CodeIgniter.php(366): CodeIgniter\CodeIgniter->handleRequest(null, Object(Config\Cache), false)
 8 FCPATH\index.php(67): CodeIgniter\CodeIgniter->run()
CRITICAL - 2023-10-28 06:25:12 --> Cannot access offset of type string on string
in APPPATH\Views\crud_usuarios.php on line 84.
 1 SYSTEMPATH\View\View.php(224): include()
 2 SYSTEMPATH\View\View.php(227): CodeIgniter\View\View->CodeIgniter\View\{closure}()
 3 SYSTEMPATH\Common.php(1180): CodeIgniter\View\View->render('crud_usuarios', [], true)
 4 APPPATH\Controllers\ControllerUsuarios.php(53): view('crud_usuarios', [...])
 5 SYSTEMPATH\CodeIgniter.php(932): App\Controllers\ControllerUsuarios->verUsuario('1')
 6 SYSTEMPATH\CodeIgniter.php(497): CodeIgniter\CodeIgniter->runController(Object(App\Controllers\ControllerUsuarios))
 7 SYSTEMPATH\CodeIgniter.php(366): CodeIgniter\CodeIgniter->handleRequest(null, Object(Config\Cache), false)
 8 FCPATH\index.php(67): CodeIgniter\CodeIgniter->run()
CRITICAL - 2023-10-28 14:14:23 --> Undefined array key "nombre"
in APPPATH\Views\crud_usuarios.php on line 31.
 1 APPPATH\Views\crud_usuarios.php(31): CodeIgniter\Debug\Exceptions->errorHandler(2, 'Undefined array key "nombre"', 'C:\\xampp\\htdocs\\Proyectofinal\\pp2023_Biblioteca_virtual\\app\\Views\\crud_usuarios.php', 31)
 2 SYSTEMPATH\View\View.php(224): include('C:\\xampp\\htdocs\\Proyectofinal\\pp2023_Biblioteca_virtual\\app\\Views\\crud_usuarios.php')
 3 SYSTEMPATH\View\View.php(227): CodeIgniter\View\View->CodeIgniter\View\{closure}()
 4 SYSTEMPATH\Common.php(1180): CodeIgniter\View\View->render('crud_usuarios', [], true)
 5 APPPATH\Controllers\ControllerUsuarios.php(15): view('crud_usuarios', [...])
 6 SYSTEMPATH\CodeIgniter.php(932): App\Controllers\ControllerUsuarios->cargarUsuarios()
 7 SYSTEMPATH\CodeIgniter.php(497): CodeIgniter\CodeIgniter->runController(Object(App\Controllers\ControllerUsuarios))
 8 SYSTEMPATH\CodeIgniter.php(366): CodeIgniter\CodeIgniter->handleRequest(null, Object(Config\Cache), false)
 9 FCPATH\index.php(67): CodeIgniter\CodeIgniter->run()
CRITICAL - 2023-10-28 14:14:27 --> Undefined array key "nombre"
in APPPATH\Views\crud_usuarios.php on line 31.
 1 APPPATH\Views\crud_usuarios.php(31): CodeIgniter\Debug\Exceptions->errorHandler(2, 'Undefined array key "nombre"', 'C:\\xampp\\htdocs\\Proyectofinal\\pp2023_Biblioteca_virtual\\app\\Views\\crud_usuarios.php', 31)
 2 SYSTEMPATH\View\View.php(224): include('C:\\xampp\\htdocs\\Proyectofinal\\pp2023_Biblioteca_virtual\\app\\Views\\crud_usuarios.php')
 3 SYSTEMPATH\View\View.php(227): CodeIgniter\View\View->CodeIgniter\View\{closure}()
 4 SYSTEMPATH\Common.php(1180): CodeIgniter\View\View->render('crud_usuarios', [], true)
 5 APPPATH\Controllers\ControllerUsuarios.php(15): view('crud_usuarios', [...])
 6 SYSTEMPATH\CodeIgniter.php(932): App\Controllers\ControllerUsuarios->cargarUsuarios()
 7 SYSTEMPATH\CodeIgniter.php(497): CodeIgniter\CodeIgniter->runController(Object(App\Controllers\ControllerUsuarios))
 8 SYSTEMPATH\CodeIgniter.php(366): CodeIgniter\CodeIgniter->handleRequest(null, Object(Config\Cache), false)
 9 FCPATH\index.php(67): CodeIgniter\CodeIgniter->run()
CRITICAL - 2023-10-28 14:28:02 --> Undefined array key "cliente_id"
in APPPATH\Views\actualizar_usuario.php on line 19.
 1 APPPATH\Views\actualizar_usuario.php(19): CodeIgniter\Debug\Exceptions->errorHandler(2, 'Undefined array key "cliente_id"', 'C:\\xampp\\htdocs\\Proyectofinal\\pp2023_Biblioteca_virtual\\app\\Views\\actualizar_usuario.php', 19)
 2 SYSTEMPATH\View\View.php(224): include('C:\\xampp\\htdocs\\Proyectofinal\\pp2023_Biblioteca_virtual\\app\\Views\\actualizar_usuario.php')
 3 SYSTEMPATH\View\View.php(227): CodeIgniter\View\View->CodeIgniter\View\{closure}()
 4 SYSTEMPATH\Common.php(1180): CodeIgniter\View\View->render('actualizar_usuario', [], true)
 5 APPPATH\Controllers\ControllerUsuarios.php(53): view('actualizar_usuario', [...])
 6 SYSTEMPATH\CodeIgniter.php(932): App\Controllers\ControllerUsuarios->verUsuario('1')
 7 SYSTEMPATH\CodeIgniter.php(497): CodeIgniter\CodeIgniter->runController(Object(App\Controllers\ControllerUsuarios))
 8 SYSTEMPATH\CodeIgniter.php(366): CodeIgniter\CodeIgniter->handleRequest(null, Object(Config\Cache), false)
 9 FCPATH\index.php(67): CodeIgniter\CodeIgniter->run()
CRITICAL - 2023-10-28 14:30:38 --> Updates are not allowed unless they contain a "where" or "like" clause.
in SYSTEMPATH\Model.php on line 391.
 1 SYSTEMPATH\BaseModel.php(943): CodeIgniter\Model->doUpdate(null, [...])
 2 SYSTEMPATH\Model.php(756): CodeIgniter\BaseModel->update(null, [...])
 3 APPPATH\Controllers\ControllerUsuarios.php(77): CodeIgniter\Model->update(null, [...])
 4 SYSTEMPATH\CodeIgniter.php(932): App\Controllers\ControllerUsuarios->actualizarUsuario()
 5 SYSTEMPATH\CodeIgniter.php(497): CodeIgniter\CodeIgniter->runController(Object(App\Controllers\ControllerUsuarios))
 6 SYSTEMPATH\CodeIgniter.php(366): CodeIgniter\CodeIgniter->handleRequest(null, Object(Config\Cache), false)
 7 FCPATH\index.php(67): CodeIgniter\CodeIgniter->run()
CRITICAL - 2023-10-28 14:33:12 --> Updates are not allowed unless they contain a "where" or "like" clause.
in SYSTEMPATH\Model.php on line 391.
 1 SYSTEMPATH\BaseModel.php(943): CodeIgniter\Model->doUpdate(null, [...])
 2 SYSTEMPATH\Model.php(756): CodeIgniter\BaseModel->update(null, [...])
 3 APPPATH\Controllers\ControllerUsuarios.php(77): CodeIgniter\Model->update(null, [...])
 4 SYSTEMPATH\CodeIgniter.php(932): App\Controllers\ControllerUsuarios->actualizarUsuario()
 5 SYSTEMPATH\CodeIgniter.php(497): CodeIgniter\CodeIgniter->runController(Object(App\Controllers\ControllerUsuarios))
 6 SYSTEMPATH\CodeIgniter.php(366): CodeIgniter\CodeIgniter->handleRequest(null, Object(Config\Cache), false)
 7 FCPATH\index.php(67): CodeIgniter\CodeIgniter->run()
CRITICAL - 2023-10-28 14:33:34 --> Updates are not allowed unless they contain a "where" or "like" clause.
in SYSTEMPATH\Model.php on line 391.
 1 SYSTEMPATH\BaseModel.php(943): CodeIgniter\Model->doUpdate(null, [...])
 2 SYSTEMPATH\Model.php(756): CodeIgniter\BaseModel->update(null, [...])
 3 APPPATH\Controllers\ControllerUsuarios.php(77): CodeIgniter\Model->update(null, [...])
 4 SYSTEMPATH\CodeIgniter.php(932): App\Controllers\ControllerUsuarios->actualizarUsuario()
 5 SYSTEMPATH\CodeIgniter.php(497): CodeIgniter\CodeIgniter->runController(Object(App\Controllers\ControllerUsuarios))
 6 SYSTEMPATH\CodeIgniter.php(366): CodeIgniter\CodeIgniter->handleRequest(null, Object(Config\Cache), false)
 7 FCPATH\index.php(67): CodeIgniter\CodeIgniter->run()
CRITICAL - 2023-10-28 14:36:59 --> There is no data to update.
in SYSTEMPATH\BaseModel.php on line 1680.
 1 SYSTEMPATH\BaseModel.php(1680): CodeIgniter\Database\Exceptions\DataException::forEmptyDataset('update')
 2 SYSTEMPATH\BaseModel.php(910): CodeIgniter\BaseModel->transformDataToArray(null, 'update')
 3 SYSTEMPATH\Model.php(756): CodeIgniter\BaseModel->update([...], null)
 4 APPPATH\Controllers\ControllerUsuarios.php(77): CodeIgniter\Model->update([...])
 5 SYSTEMPATH\CodeIgniter.php(932): App\Controllers\ControllerUsuarios->actualizarUsuario()
 6 SYSTEMPATH\CodeIgniter.php(497): CodeIgniter\CodeIgniter->runController(Object(App\Controllers\ControllerUsuarios))
 7 SYSTEMPATH\CodeIgniter.php(366): CodeIgniter\CodeIgniter->handleRequest(null, Object(Config\Cache), false)
 8 FCPATH\index.php(67): CodeIgniter\CodeIgniter->run()
CRITICAL - 2023-10-28 14:43:44 --> There is no data to update.
in SYSTEMPATH\BaseModel.php on line 1680.
 1 SYSTEMPATH\BaseModel.php(1680): CodeIgniter\Database\Exceptions\DataException::forEmptyDataset('update')
 2 SYSTEMPATH\BaseModel.php(910): CodeIgniter\BaseModel->transformDataToArray(null, 'update')
 3 SYSTEMPATH\Model.php(756): CodeIgniter\BaseModel->update([...], null)
 4 APPPATH\Controllers\ControllerUsuarios.php(77): CodeIgniter\Model->update([...])
 5 SYSTEMPATH\CodeIgniter.php(932): App\Controllers\ControllerUsuarios->actualizarUsuario()
 6 SYSTEMPATH\CodeIgniter.php(497): CodeIgniter\CodeIgniter->runController(Object(App\Controllers\ControllerUsuarios))
 7 SYSTEMPATH\CodeIgniter.php(366): CodeIgniter\CodeIgniter->handleRequest(null, Object(Config\Cache), false)
 8 FCPATH\index.php(67): CodeIgniter\CodeIgniter->run()
CRITICAL - 2023-10-28 14:44:01 --> There is no data to update.
in SYSTEMPATH\BaseModel.php on line 1680.
 1 SYSTEMPATH\BaseModel.php(1680): CodeIgniter\Database\Exceptions\DataException::forEmptyDataset('update')
 2 SYSTEMPATH\BaseModel.php(910): CodeIgniter\BaseModel->transformDataToArray(null, 'update')
 3 SYSTEMPATH\Model.php(756): CodeIgniter\BaseModel->update([...], null)
 4 APPPATH\Controllers\ControllerUsuarios.php(77): CodeIgniter\Model->update([...])
 5 SYSTEMPATH\CodeIgniter.php(932): App\Controllers\ControllerUsuarios->actualizarUsuario()
 6 SYSTEMPATH\CodeIgniter.php(497): CodeIgniter\CodeIgniter->runController(Object(App\Controllers\ControllerUsuarios))
 7 SYSTEMPATH\CodeIgniter.php(366): CodeIgniter\CodeIgniter->handleRequest(null, Object(Config\Cache), false)
 8 FCPATH\index.php(67): CodeIgniter\CodeIgniter->run()
CRITICAL - 2023-10-28 14:49:26 --> There is no data to update.
in SYSTEMPATH\BaseModel.php on line 1680.
 1 SYSTEMPATH\BaseModel.php(1680): CodeIgniter\Database\Exceptions\DataException::forEmptyDataset('update')
 2 SYSTEMPATH\BaseModel.php(910): CodeIgniter\BaseModel->transformDataToArray(null, 'update')
 3 SYSTEMPATH\Model.php(756): CodeIgniter\BaseModel->update([...], null)
 4 APPPATH\Controllers\ControllerUsuarios.php(77): CodeIgniter\Model->update([...])
 5 SYSTEMPATH\CodeIgniter.php(932): App\Controllers\ControllerUsuarios->actualizarUsuario()
 6 SYSTEMPATH\CodeIgniter.php(497): CodeIgniter\CodeIgniter->runController(Object(App\Controllers\ControllerUsuarios))
 7 SYSTEMPATH\CodeIgniter.php(366): CodeIgniter\CodeIgniter->handleRequest(null, Object(Config\Cache), false)
 8 FCPATH\index.php(67): CodeIgniter\CodeIgniter->run()
CRITICAL - 2023-10-28 14:50:34 --> whereIn() expects $values to be of type array or closure
in SYSTEMPATH\Database\BaseBuilder.php on line 940.
 1 SYSTEMPATH\Database\BaseBuilder.php(827): CodeIgniter\Database\BaseBuilder->_whereIn('usuarios.id', Object(App\Models\UsuarioModel), false, 'AND ', null)
 2 SYSTEMPATH\Model.php(382): CodeIgniter\Database\BaseBuilder->whereIn('usuarios.id', Object(App\Models\UsuarioModel))
 3 SYSTEMPATH\BaseModel.php(943): CodeIgniter\Model->doUpdate(Object(App\Models\UsuarioModel), [...])
 4 SYSTEMPATH\Model.php(756): CodeIgniter\BaseModel->update(Object(App\Models\UsuarioModel), [...])
 5 APPPATH\Controllers\ControllerUsuarios.php(77): CodeIgniter\Model->update(Object(App\Models\UsuarioModel), [...])
 6 SYSTEMPATH\CodeIgniter.php(932): App\Controllers\ControllerUsuarios->actualizarUsuario()
 7 SYSTEMPATH\CodeIgniter.php(497): CodeIgniter\CodeIgniter->runController(Object(App\Controllers\ControllerUsuarios))
 8 SYSTEMPATH\CodeIgniter.php(366): CodeIgniter\CodeIgniter->handleRequest(null, Object(Config\Cache), false)
 9 FCPATH\index.php(67): CodeIgniter\CodeIgniter->run()
CRITICAL - 2023-10-28 14:52:47 --> whereIn() expects $values to be of type array or closure
in SYSTEMPATH\Database\BaseBuilder.php on line 940.
 1 SYSTEMPATH\Database\BaseBuilder.php(827): CodeIgniter\Database\BaseBuilder->_whereIn('usuarios.id', Object(App\Models\UsuarioModel), false, 'AND ', null)
 2 SYSTEMPATH\Model.php(382): CodeIgniter\Database\BaseBuilder->whereIn('usuarios.id', Object(App\Models\UsuarioModel))
 3 SYSTEMPATH\BaseModel.php(943): CodeIgniter\Model->doUpdate(Object(App\Models\UsuarioModel), [...])
 4 SYSTEMPATH\Model.php(756): CodeIgniter\BaseModel->update(Object(App\Models\UsuarioModel), [...])
 5 APPPATH\Controllers\ControllerUsuarios.php(77): CodeIgniter\Model->update(Object(App\Models\UsuarioModel), [...])
 6 SYSTEMPATH\CodeIgniter.php(932): App\Controllers\ControllerUsuarios->actualizarUsuario()
 7 SYSTEMPATH\CodeIgniter.php(497): CodeIgniter\CodeIgniter->runController(Object(App\Controllers\ControllerUsuarios))
 8 SYSTEMPATH\CodeIgniter.php(366): CodeIgniter\CodeIgniter->handleRequest(null, Object(Config\Cache), false)
 9 FCPATH\index.php(67): CodeIgniter\CodeIgniter->run()
CRITICAL - 2023-10-28 14:53:01 --> whereIn() expects $values to be of type array or closure
in SYSTEMPATH\Database\BaseBuilder.php on line 940.
 1 SYSTEMPATH\Database\BaseBuilder.php(827): CodeIgniter\Database\BaseBuilder->_whereIn('usuarios.id', Object(App\Models\UsuarioModel), false, 'AND ', null)
 2 SYSTEMPATH\Model.php(382): CodeIgniter\Database\BaseBuilder->whereIn('usuarios.id', Object(App\Models\UsuarioModel))
 3 SYSTEMPATH\BaseModel.php(943): CodeIgniter\Model->doUpdate(Object(App\Models\UsuarioModel), [...])
 4 SYSTEMPATH\Model.php(756): CodeIgniter\BaseModel->update(Object(App\Models\UsuarioModel), [...])
 5 APPPATH\Controllers\ControllerUsuarios.php(77): CodeIgniter\Model->update(Object(App\Models\UsuarioModel), [...])
 6 SYSTEMPATH\CodeIgniter.php(932): App\Controllers\ControllerUsuarios->actualizarUsuario()
 7 SYSTEMPATH\CodeIgniter.php(497): CodeIgniter\CodeIgniter->runController(Object(App\Controllers\ControllerUsuarios))
 8 SYSTEMPATH\CodeIgniter.php(366): CodeIgniter\CodeIgniter->handleRequest(null, Object(Config\Cache), false)
 9 FCPATH\index.php(67): CodeIgniter\CodeIgniter->run()
ERROR - 2023-10-28 22:09:21 --> mysqli_sql_exception: Cannot add or update a child row: a foreign key constraint fails (`pp2023_biblioteca_virtual`.`prestamos`, CONSTRAINT `prestamos_ibfk_2` FOREIGN KEY (`libro_id`) REFERENCES `libros` (`libro_id`)) in C:\xampp\htdocs\Proyectofinal\pp2023_Biblioteca_virtual\system\Database\MySQLi\Connection.php:295
Stack trace:
#0 C:\xampp\htdocs\Proyectofinal\pp2023_Biblioteca_virtual\system\Database\MySQLi\Connection.php(295): mysqli->query('INSERT INTO `pr...', 0)
#1 C:\xampp\htdocs\Proyectofinal\pp2023_Biblioteca_virtual\system\Database\BaseConnection.php(692): CodeIgniter\Database\MySQLi\Connection->execute('INSERT INTO `pr...')
#2 C:\xampp\htdocs\Proyectofinal\pp2023_Biblioteca_virtual\system\Database\BaseConnection.php(606): CodeIgniter\Database\BaseConnection->simpleQuery('INSERT INTO `pr...')
#3 C:\xampp\htdocs\Proyectofinal\pp2023_Biblioteca_virtual\system\Database\BaseBuilder.php(2309): CodeIgniter\Database\BaseConnection->query('INSERT INTO `pr...', Array, false)
#4 C:\xampp\htdocs\Proyectofinal\pp2023_Biblioteca_virtual\system\Model.php(330): CodeIgniter\Database\BaseBuilder->insert()
#5 C:\xampp\htdocs\Proyectofinal\pp2023_Biblioteca_virtual\system\BaseModel.php(782): CodeIgniter\Model->doInsert(Array)
#6 C:\xampp\htdocs\Proyectofinal\pp2023_Biblioteca_virtual\system\Model.php(730): CodeIgniter\BaseModel->insert(Array, true)
#7 C:\xampp\htdocs\Proyectofinal\pp2023_Biblioteca_virtual\app\Controllers\ControllerPrestamos.php(33): CodeIgniter\Model->insert(Array)
#8 C:\xampp\htdocs\Proyectofinal\pp2023_Biblioteca_virtual\system\CodeIgniter.php(932): App\Controllers\ControllerPrestamos->guardarPrestamo()
#9 C:\xampp\htdocs\Proyectofinal\pp2023_Biblioteca_virtual\system\CodeIgniter.php(497): CodeIgniter\CodeIgniter->runController(Object(App\Controllers\ControllerPrestamos))
#10 C:\xampp\htdocs\Proyectofinal\pp2023_Biblioteca_virtual\system\CodeIgniter.php(366): CodeIgniter\CodeIgniter->handleRequest(NULL, Object(Config\Cache), false)
#11 C:\xampp\htdocs\Proyectofinal\pp2023_Biblioteca_virtual\public\index.php(67): CodeIgniter\CodeIgniter->run()
#12 {main}
CRITICAL - 2023-10-28 22:09:21 --> Cannot add or update a child row: a foreign key constraint fails (`pp2023_biblioteca_virtual`.`prestamos`, CONSTRAINT `prestamos_ibfk_2` FOREIGN KEY (`libro_id`) REFERENCES `libros` (`libro_id`))
in SYSTEMPATH\Database\MySQLi\Connection.php on line 295.
 1 SYSTEMPATH\Database\MySQLi\Connection.php(295): mysqli->query('INSERT INTO `prestamos` (`usuario_id`, `libro_id`, `fecha_prestamo`, `fecha_devolucion`) VALUES (\'1\', \'1\', \'2023-10-03\', \'2023-10-10\')', 0)
 2 SYSTEMPATH\Database\BaseConnection.php(692): CodeIgniter\Database\MySQLi\Connection->execute('INSERT INTO `prestamos` (`usuario_id`, `libro_id`, `fecha_prestamo`, `fecha_devolucion`) VALUES (\'1\', \'1\', \'2023-10-03\', \'2023-10-10\')')
 3 SYSTEMPATH\Database\BaseConnection.php(606): CodeIgniter\Database\BaseConnection->simpleQuery('INSERT INTO `prestamos` (`usuario_id`, `libro_id`, `fecha_prestamo`, `fecha_devolucion`) VALUES (\'1\', \'1\', \'2023-10-03\', \'2023-10-10\')')
 4 SYSTEMPATH\Database\BaseBuilder.php(2309): CodeIgniter\Database\BaseConnection->query('INSERT INTO `prestamos` (`usuario_id`, `libro_id`, `fecha_prestamo`, `fecha_devolucion`) VALUES (:usuario_id:, :libro_id:, :fecha_prestamo:, :fecha_devolucion:)', [...], false)
 5 SYSTEMPATH\Model.php(330): CodeIgniter\Database\BaseBuilder->insert()
 6 SYSTEMPATH\BaseModel.php(782): CodeIgniter\Model->doInsert([...])
 7 SYSTEMPATH\Model.php(730): CodeIgniter\BaseModel->insert([...], true)
 8 APPPATH\Controllers\ControllerPrestamos.php(33): CodeIgniter\Model->insert([...])
 9 SYSTEMPATH\CodeIgniter.php(932): App\Controllers\ControllerPrestamos->guardarPrestamo()
10 SYSTEMPATH\CodeIgniter.php(497): CodeIgniter\CodeIgniter->runController(Object(App\Controllers\ControllerPrestamos))
11 SYSTEMPATH\CodeIgniter.php(366): CodeIgniter\CodeIgniter->handleRequest(null, Object(Config\Cache), false)
12 FCPATH\index.php(67): CodeIgniter\CodeIgniter->run()
ERROR - 2023-10-28 22:18:56 --> mysqli_sql_exception: Cannot delete or update a parent row: a foreign key constraint fails (`pp2023_biblioteca_virtual`.`prestamos`, CONSTRAINT `prestamos_ibfk_1` FOREIGN KEY (`usuario_id`) REFERENCES `usuarios` (`usuario_id`)) in C:\xampp\htdocs\Proyectofinal\pp2023_Biblioteca_virtual\system\Database\MySQLi\Connection.php:295
Stack trace:
#0 C:\xampp\htdocs\Proyectofinal\pp2023_Biblioteca_virtual\system\Database\MySQLi\Connection.php(295): mysqli->query('DELETE FROM `us...', 0)
#1 C:\xampp\htdocs\Proyectofinal\pp2023_Biblioteca_virtual\system\Database\BaseConnection.php(692): CodeIgniter\Database\MySQLi\Connection->execute('DELETE FROM `us...')
#2 C:\xampp\htdocs\Proyectofinal\pp2023_Biblioteca_virtual\system\Database\BaseConnection.php(606): CodeIgniter\Database\BaseConnection->simpleQuery('DELETE FROM `us...')
#3 C:\xampp\htdocs\Proyectofinal\pp2023_Biblioteca_virtual\system\Database\BaseBuilder.php(2791): CodeIgniter\Database\BaseConnection->query('DELETE FROM `us...', Array, false)
#4 C:\xampp\htdocs\Proyectofinal\pp2023_Biblioteca_virtual\system\Model.php(456): CodeIgniter\Database\BaseBuilder->delete()
#5 C:\xampp\htdocs\Proyectofinal\pp2023_Biblioteca_virtual\system\BaseModel.php(1065): CodeIgniter\Model->doDelete(Array, false)
#6 C:\xampp\htdocs\Proyectofinal\pp2023_Biblioteca_virtual\app\Controllers\ControllerUsuarios.php(44): CodeIgniter\BaseModel->delete(Array)
#7 C:\xampp\htdocs\Proyectofinal\pp2023_Biblioteca_virtual\system\CodeIgniter.php(932): App\Controllers\ControllerUsuarios->eliminarUsuario('4')
#8 C:\xampp\htdocs\Proyectofinal\pp2023_Biblioteca_virtual\system\CodeIgniter.php(497): CodeIgniter\CodeIgniter->runController(Object(App\Controllers\ControllerUsuarios))
#9 C:\xampp\htdocs\Proyectofinal\pp2023_Biblioteca_virtual\system\CodeIgniter.php(366): CodeIgniter\CodeIgniter->handleRequest(NULL, Object(Config\Cache), false)
#10 C:\xampp\htdocs\Proyectofinal\pp2023_Biblioteca_virtual\public\index.php(67): CodeIgniter\CodeIgniter->run()
#11 {main}
CRITICAL - 2023-10-28 22:18:56 --> Cannot delete or update a parent row: a foreign key constraint fails (`pp2023_biblioteca_virtual`.`prestamos`, CONSTRAINT `prestamos_ibfk_1` FOREIGN KEY (`usuario_id`) REFERENCES `usuarios` (`usuario_id`))
in SYSTEMPATH\Database\MySQLi\Connection.php on line 295.
 1 SYSTEMPATH\Database\MySQLi\Connection.php(295): mysqli->query('DELETE FROM `usuarios`
WHERE `usuario_id` IN (\'4\')', 0)
 2 SYSTEMPATH\Database\BaseConnection.php(692): CodeIgniter\Database\MySQLi\Connection->execute('DELETE FROM `usuarios`
WHERE `usuario_id` IN (\'4\')')
 3 SYSTEMPATH\Database\BaseConnection.php(606): CodeIgniter\Database\BaseConnection->simpleQuery('DELETE FROM `usuarios`
WHERE `usuario_id` IN (\'4\')')
 4 SYSTEMPATH\Database\BaseBuilder.php(2791): CodeIgniter\Database\BaseConnection->query('DELETE FROM `usuarios`
WHERE `usuario_id` IN :usuario_id:', [...], false)
 5 SYSTEMPATH\Model.php(456): CodeIgniter\Database\BaseBuilder->delete()
 6 SYSTEMPATH\BaseModel.php(1065): CodeIgniter\Model->doDelete([...], false)
 7 APPPATH\Controllers\ControllerUsuarios.php(44): CodeIgniter\BaseModel->delete([...])
 8 SYSTEMPATH\CodeIgniter.php(932): App\Controllers\ControllerUsuarios->eliminarUsuario('4')
 9 SYSTEMPATH\CodeIgniter.php(497): CodeIgniter\CodeIgniter->runController(Object(App\Controllers\ControllerUsuarios))
10 SYSTEMPATH\CodeIgniter.php(366): CodeIgniter\CodeIgniter->handleRequest(null, Object(Config\Cache), false)
11 FCPATH\index.php(67): CodeIgniter\CodeIgniter->run()
