CRITICAL - 2023-10-29 01:35:49 --> Undefined array key "usuario_id"
in APPPATH\Views\crud_libros.php on line 43.
 1 APPPATH\Views\crud_libros.php(43): CodeIgniter\Debug\Exceptions->errorHandler(2, 'Undefined array key "usuario_id"', 'C:\\xampp\\htdocs\\Proyectofinal\\pp2023_Biblioteca_virtual\\app\\Views\\crud_libros.php', 43)
 2 SYSTEMPATH\View\View.php(224): include('C:\\xampp\\htdocs\\Proyectofinal\\pp2023_Biblioteca_virtual\\app\\Views\\crud_libros.php')
 3 SYSTEMPATH\View\View.php(227): CodeIgniter\View\View->CodeIgniter\View\{closure}()
 4 SYSTEMPATH\Common.php(1180): CodeIgniter\View\View->render('crud_libros', [], true)
 5 APPPATH\Controllers\ControllerLibros.php(15): view('crud_libros', [...])
 6 SYSTEMPATH\CodeIgniter.php(932): App\Controllers\ControllerLibros->cargarLibros()
 7 SYSTEMPATH\CodeIgniter.php(497): CodeIgniter\CodeIgniter->runController(Object(App\Controllers\ControllerLibros))
 8 SYSTEMPATH\CodeIgniter.php(366): CodeIgniter\CodeIgniter->handleRequest(null, Object(Config\Cache), false)
 9 FCPATH\index.php(67): CodeIgniter\CodeIgniter->run()
CRITICAL - 2023-10-29 01:36:29 --> Undefined array key ""
in APPPATH\Views\crud_libros.php on line 43.
 1 APPPATH\Views\crud_libros.php(43): CodeIgniter\Debug\Exceptions->errorHandler(2, 'Undefined array key ""', 'C:\\xampp\\htdocs\\Proyectofinal\\pp2023_Biblioteca_virtual\\app\\Views\\crud_libros.php', 43)
 2 SYSTEMPATH\View\View.php(224): include('C:\\xampp\\htdocs\\Proyectofinal\\pp2023_Biblioteca_virtual\\app\\Views\\crud_libros.php')
 3 SYSTEMPATH\View\View.php(227): CodeIgniter\View\View->CodeIgniter\View\{closure}()
 4 SYSTEMPATH\Common.php(1180): CodeIgniter\View\View->render('crud_libros', [], true)
 5 APPPATH\Controllers\ControllerLibros.php(15): view('crud_libros', [...])
 6 SYSTEMPATH\CodeIgniter.php(932): App\Controllers\ControllerLibros->cargarLibros()
 7 SYSTEMPATH\CodeIgniter.php(497): CodeIgniter\CodeIgniter->runController(Object(App\Controllers\ControllerLibros))
 8 SYSTEMPATH\CodeIgniter.php(366): CodeIgniter\CodeIgniter->handleRequest(null, Object(Config\Cache), false)
 9 FCPATH\index.php(67): CodeIgniter\CodeIgniter->run()
CRITICAL - 2023-10-29 01:37:35 --> Undefined array key ""
in APPPATH\Views\crud_libros.php on line 43.
 1 APPPATH\Views\crud_libros.php(43): CodeIgniter\Debug\Exceptions->errorHandler(2, 'Undefined array key ""', 'C:\\xampp\\htdocs\\Proyectofinal\\pp2023_Biblioteca_virtual\\app\\Views\\crud_libros.php', 43)
 2 SYSTEMPATH\View\View.php(224): include('C:\\xampp\\htdocs\\Proyectofinal\\pp2023_Biblioteca_virtual\\app\\Views\\crud_libros.php')
 3 SYSTEMPATH\View\View.php(227): CodeIgniter\View\View->CodeIgniter\View\{closure}()
 4 SYSTEMPATH\Common.php(1180): CodeIgniter\View\View->render('crud_libros', [], true)
 5 APPPATH\Controllers\ControllerLibros.php(15): view('crud_libros', [...])
 6 SYSTEMPATH\CodeIgniter.php(932): App\Controllers\ControllerLibros->cargarLibros()
 7 SYSTEMPATH\CodeIgniter.php(497): CodeIgniter\CodeIgniter->runController(Object(App\Controllers\ControllerLibros))
 8 SYSTEMPATH\CodeIgniter.php(366): CodeIgniter\CodeIgniter->handleRequest(null, Object(Config\Cache), false)
 9 FCPATH\index.php(67): CodeIgniter\CodeIgniter->run()
ERROR - 2023-10-29 03:52:11 --> mysqli_sql_exception: Cannot delete or update a parent row: a foreign key constraint fails (`pp2023_biblioteca_virtual`.`prestamos`, CONSTRAINT `prestamos_ibfk_2` FOREIGN KEY (`libro_id`) REFERENCES `libros` (`libro_id`)) in C:\xampp\htdocs\Proyectofinal\pp2023_Biblioteca_virtual\system\Database\MySQLi\Connection.php:295
Stack trace:
#0 C:\xampp\htdocs\Proyectofinal\pp2023_Biblioteca_virtual\system\Database\MySQLi\Connection.php(295): mysqli->query('DELETE FROM `li...', 0)
#1 C:\xampp\htdocs\Proyectofinal\pp2023_Biblioteca_virtual\system\Database\BaseConnection.php(692): CodeIgniter\Database\MySQLi\Connection->execute('DELETE FROM `li...')
#2 C:\xampp\htdocs\Proyectofinal\pp2023_Biblioteca_virtual\system\Database\BaseConnection.php(606): CodeIgniter\Database\BaseConnection->simpleQuery('DELETE FROM `li...')
#3 C:\xampp\htdocs\Proyectofinal\pp2023_Biblioteca_virtual\system\Database\BaseBuilder.php(2791): CodeIgniter\Database\BaseConnection->query('DELETE FROM `li...', Array, false)
#4 C:\xampp\htdocs\Proyectofinal\pp2023_Biblioteca_virtual\system\Model.php(456): CodeIgniter\Database\BaseBuilder->delete()
#5 C:\xampp\htdocs\Proyectofinal\pp2023_Biblioteca_virtual\system\BaseModel.php(1065): CodeIgniter\Model->doDelete(Array, false)
#6 C:\xampp\htdocs\Proyectofinal\pp2023_Biblioteca_virtual\app\Controllers\ControllerLibros.php(44): CodeIgniter\BaseModel->delete(Array)
#7 C:\xampp\htdocs\Proyectofinal\pp2023_Biblioteca_virtual\system\CodeIgniter.php(932): App\Controllers\ControllerLibros->eliminarLibro('4')
#8 C:\xampp\htdocs\Proyectofinal\pp2023_Biblioteca_virtual\system\CodeIgniter.php(497): CodeIgniter\CodeIgniter->runController(Object(App\Controllers\ControllerLibros))
#9 C:\xampp\htdocs\Proyectofinal\pp2023_Biblioteca_virtual\system\CodeIgniter.php(366): CodeIgniter\CodeIgniter->handleRequest(NULL, Object(Config\Cache), false)
#10 C:\xampp\htdocs\Proyectofinal\pp2023_Biblioteca_virtual\public\index.php(67): CodeIgniter\CodeIgniter->run()
#11 {main}
CRITICAL - 2023-10-29 03:52:11 --> Cannot delete or update a parent row: a foreign key constraint fails (`pp2023_biblioteca_virtual`.`prestamos`, CONSTRAINT `prestamos_ibfk_2` FOREIGN KEY (`libro_id`) REFERENCES `libros` (`libro_id`))
in SYSTEMPATH\Database\MySQLi\Connection.php on line 295.
 1 SYSTEMPATH\Database\MySQLi\Connection.php(295): mysqli->query('DELETE FROM `libros`
WHERE `libro_id` IN (\'4\')', 0)
 2 SYSTEMPATH\Database\BaseConnection.php(692): CodeIgniter\Database\MySQLi\Connection->execute('DELETE FROM `libros`
WHERE `libro_id` IN (\'4\')')
 3 SYSTEMPATH\Database\BaseConnection.php(606): CodeIgniter\Database\BaseConnection->simpleQuery('DELETE FROM `libros`
WHERE `libro_id` IN (\'4\')')
 4 SYSTEMPATH\Database\BaseBuilder.php(2791): CodeIgniter\Database\BaseConnection->query('DELETE FROM `libros`
WHERE `libro_id` IN :libro_id:', [...], false)
 5 SYSTEMPATH\Model.php(456): CodeIgniter\Database\BaseBuilder->delete()
 6 SYSTEMPATH\BaseModel.php(1065): CodeIgniter\Model->doDelete([...], false)
 7 APPPATH\Controllers\ControllerLibros.php(44): CodeIgniter\BaseModel->delete([...])
 8 SYSTEMPATH\CodeIgniter.php(932): App\Controllers\ControllerLibros->eliminarLibro('4')
 9 SYSTEMPATH\CodeIgniter.php(497): CodeIgniter\CodeIgniter->runController(Object(App\Controllers\ControllerLibros))
10 SYSTEMPATH\CodeIgniter.php(366): CodeIgniter\CodeIgniter->handleRequest(null, Object(Config\Cache), false)
11 FCPATH\index.php(67): CodeIgniter\CodeIgniter->run()
ERROR - 2023-10-29 03:55:30 --> mysqli_sql_exception: Cannot add or update a child row: a foreign key constraint fails (`pp2023_biblioteca_virtual`.`libros`, CONSTRAINT `libros_ibfk_2` FOREIGN KEY (`categoria_id`) REFERENCES `categorias` (`categoria_id`)) in C:\xampp\htdocs\Proyectofinal\pp2023_Biblioteca_virtual\system\Database\MySQLi\Connection.php:295
Stack trace:
#0 C:\xampp\htdocs\Proyectofinal\pp2023_Biblioteca_virtual\system\Database\MySQLi\Connection.php(295): mysqli->query('INSERT INTO `li...', 0)
#1 C:\xampp\htdocs\Proyectofinal\pp2023_Biblioteca_virtual\system\Database\BaseConnection.php(692): CodeIgniter\Database\MySQLi\Connection->execute('INSERT INTO `li...')
#2 C:\xampp\htdocs\Proyectofinal\pp2023_Biblioteca_virtual\system\Database\BaseConnection.php(606): CodeIgniter\Database\BaseConnection->simpleQuery('INSERT INTO `li...')
#3 C:\xampp\htdocs\Proyectofinal\pp2023_Biblioteca_virtual\system\Database\BaseBuilder.php(2309): CodeIgniter\Database\BaseConnection->query('INSERT INTO `li...', Array, false)
#4 C:\xampp\htdocs\Proyectofinal\pp2023_Biblioteca_virtual\system\Model.php(330): CodeIgniter\Database\BaseBuilder->insert()
#5 C:\xampp\htdocs\Proyectofinal\pp2023_Biblioteca_virtual\system\BaseModel.php(782): CodeIgniter\Model->doInsert(Array)
#6 C:\xampp\htdocs\Proyectofinal\pp2023_Biblioteca_virtual\system\Model.php(730): CodeIgniter\BaseModel->insert(Array, true)
#7 C:\xampp\htdocs\Proyectofinal\pp2023_Biblioteca_virtual\app\Controllers\ControllerLibros.php(37): CodeIgniter\Model->insert(Array)
#8 C:\xampp\htdocs\Proyectofinal\pp2023_Biblioteca_virtual\system\CodeIgniter.php(932): App\Controllers\ControllerLibros->guardarLibro()
#9 C:\xampp\htdocs\Proyectofinal\pp2023_Biblioteca_virtual\system\CodeIgniter.php(497): CodeIgniter\CodeIgniter->runController(Object(App\Controllers\ControllerLibros))
#10 C:\xampp\htdocs\Proyectofinal\pp2023_Biblioteca_virtual\system\CodeIgniter.php(366): CodeIgniter\CodeIgniter->handleRequest(NULL, Object(Config\Cache), false)
#11 C:\xampp\htdocs\Proyectofinal\pp2023_Biblioteca_virtual\public\index.php(67): CodeIgniter\CodeIgniter->run()
#12 {main}
CRITICAL - 2023-10-29 03:55:30 --> Cannot add or update a child row: a foreign key constraint fails (`pp2023_biblioteca_virtual`.`libros`, CONSTRAINT `libros_ibfk_2` FOREIGN KEY (`categoria_id`) REFERENCES `categorias` (`categoria_id`))
in SYSTEMPATH\Database\MySQLi\Connection.php on line 295.
 1 SYSTEMPATH\Database\MySQLi\Connection.php(295): mysqli->query('INSERT INTO `libros` (`titulo`, `autor_id`, `descripcion`, `anio_publicacion`, `cantidad_disponible`) VALUES (\'Libro prueba\', \'2\', \'Prueba1\', \'2019-05-06\', \'10\')', 0)
 2 SYSTEMPATH\Database\BaseConnection.php(692): CodeIgniter\Database\MySQLi\Connection->execute('INSERT INTO `libros` (`titulo`, `autor_id`, `descripcion`, `anio_publicacion`, `cantidad_disponible`) VALUES (\'Libro prueba\', \'2\', \'Prueba1\', \'2019-05-06\', \'10\')')
 3 SYSTEMPATH\Database\BaseConnection.php(606): CodeIgniter\Database\BaseConnection->simpleQuery('INSERT INTO `libros` (`titulo`, `autor_id`, `descripcion`, `anio_publicacion`, `cantidad_disponible`) VALUES (\'Libro prueba\', \'2\', \'Prueba1\', \'2019-05-06\', \'10\')')
 4 SYSTEMPATH\Database\BaseBuilder.php(2309): CodeIgniter\Database\BaseConnection->query('INSERT INTO `libros` (`titulo`, `autor_id`, `descripcion`, `anio_publicacion`, `cantidad_disponible`) VALUES (:titulo:, :autor_id:, :descripcion:, :anio_publicacion:, :cantidad_disponible:)', [...], false)
 5 SYSTEMPATH\Model.php(330): CodeIgniter\Database\BaseBuilder->insert()
 6 SYSTEMPATH\BaseModel.php(782): CodeIgniter\Model->doInsert([...])
 7 SYSTEMPATH\Model.php(730): CodeIgniter\BaseModel->insert([...], true)
 8 APPPATH\Controllers\ControllerLibros.php(37): CodeIgniter\Model->insert([...])
 9 SYSTEMPATH\CodeIgniter.php(932): App\Controllers\ControllerLibros->guardarLibro()
10 SYSTEMPATH\CodeIgniter.php(497): CodeIgniter\CodeIgniter->runController(Object(App\Controllers\ControllerLibros))
11 SYSTEMPATH\CodeIgniter.php(366): CodeIgniter\CodeIgniter->handleRequest(null, Object(Config\Cache), false)
12 FCPATH\index.php(67): CodeIgniter\CodeIgniter->run()
CRITICAL - 2023-10-29 04:46:43 --> Class "App\Controllers\CategoriasModel" not found
in APPPATH\Controllers\ControllerLibros.php on line 37.
 1 SYSTEMPATH\CodeIgniter.php(932): App\Controllers\ControllerLibros->cargarCategorias()
 2 SYSTEMPATH\CodeIgniter.php(497): CodeIgniter\CodeIgniter->runController(Object(App\Controllers\ControllerLibros))
 3 SYSTEMPATH\CodeIgniter.php(366): CodeIgniter\CodeIgniter->handleRequest(null, Object(Config\Cache), false)
 4 FCPATH\index.php(67): CodeIgniter\CodeIgniter->run()
CRITICAL - 2023-10-29 04:47:41 --> Class "App\Controllers\CategoriaModel" not found
in APPPATH\Controllers\ControllerLibros.php on line 19.
 1 SYSTEMPATH\CodeIgniter.php(932): App\Controllers\ControllerLibros->cargarLibros()
 2 SYSTEMPATH\CodeIgniter.php(497): CodeIgniter\CodeIgniter->runController(Object(App\Controllers\ControllerLibros))
 3 SYSTEMPATH\CodeIgniter.php(366): CodeIgniter\CodeIgniter->handleRequest(null, Object(Config\Cache), false)
 4 FCPATH\index.php(67): CodeIgniter\CodeIgniter->run()
ERROR - 2023-10-29 04:49:36 --> mysqli_sql_exception: Cannot add or update a child row: a foreign key constraint fails (`pp2023_biblioteca_virtual`.`libros`, CONSTRAINT `libros_ibfk_1` FOREIGN KEY (`autor_id`) REFERENCES `autores` (`autor_id`)) in C:\xampp\htdocs\Proyectofinal\pp2023_Biblioteca_virtual\system\Database\MySQLi\Connection.php:295
Stack trace:
#0 C:\xampp\htdocs\Proyectofinal\pp2023_Biblioteca_virtual\system\Database\MySQLi\Connection.php(295): mysqli->query('INSERT INTO `li...', 0)
#1 C:\xampp\htdocs\Proyectofinal\pp2023_Biblioteca_virtual\system\Database\BaseConnection.php(692): CodeIgniter\Database\MySQLi\Connection->execute('INSERT INTO `li...')
#2 C:\xampp\htdocs\Proyectofinal\pp2023_Biblioteca_virtual\system\Database\BaseConnection.php(606): CodeIgniter\Database\BaseConnection->simpleQuery('INSERT INTO `li...')
#3 C:\xampp\htdocs\Proyectofinal\pp2023_Biblioteca_virtual\system\Database\BaseBuilder.php(2309): CodeIgniter\Database\BaseConnection->query('INSERT INTO `li...', Array, false)
#4 C:\xampp\htdocs\Proyectofinal\pp2023_Biblioteca_virtual\system\Model.php(330): CodeIgniter\Database\BaseBuilder->insert()
#5 C:\xampp\htdocs\Proyectofinal\pp2023_Biblioteca_virtual\system\BaseModel.php(782): CodeIgniter\Model->doInsert(Array)
#6 C:\xampp\htdocs\Proyectofinal\pp2023_Biblioteca_virtual\system\Model.php(730): CodeIgniter\BaseModel->insert(Array, true)
#7 C:\xampp\htdocs\Proyectofinal\pp2023_Biblioteca_virtual\app\Controllers\ControllerLibros.php(56): CodeIgniter\Model->insert(Array)
#8 C:\xampp\htdocs\Proyectofinal\pp2023_Biblioteca_virtual\system\CodeIgniter.php(932): App\Controllers\ControllerLibros->guardarLibro()
#9 C:\xampp\htdocs\Proyectofinal\pp2023_Biblioteca_virtual\system\CodeIgniter.php(497): CodeIgniter\CodeIgniter->runController(Object(App\Controllers\ControllerLibros))
#10 C:\xampp\htdocs\Proyectofinal\pp2023_Biblioteca_virtual\system\CodeIgniter.php(366): CodeIgniter\CodeIgniter->handleRequest(NULL, Object(Config\Cache), false)
#11 C:\xampp\htdocs\Proyectofinal\pp2023_Biblioteca_virtual\public\index.php(67): CodeIgniter\CodeIgniter->run()
#12 {main}
CRITICAL - 2023-10-29 04:49:36 --> Cannot add or update a child row: a foreign key constraint fails (`pp2023_biblioteca_virtual`.`libros`, CONSTRAINT `libros_ibfk_1` FOREIGN KEY (`autor_id`) REFERENCES `autores` (`autor_id`))
in SYSTEMPATH\Database\MySQLi\Connection.php on line 295.
 1 SYSTEMPATH\Database\MySQLi\Connection.php(295): mysqli->query('INSERT INTO `libros` (`titulo`, `autor_id`, `categoria_id`, `descripcion`, `anio_publicacion`, `cantidad_disponible`) VALUES (\'Libro prueba\', \'George Orwell\', \'Ciencia Ficción\', \'Prueba1\', \'2021-06-15\', \'10\')', 0)
 2 SYSTEMPATH\Database\BaseConnection.php(692): CodeIgniter\Database\MySQLi\Connection->execute('INSERT INTO `libros` (`titulo`, `autor_id`, `categoria_id`, `descripcion`, `anio_publicacion`, `cantidad_disponible`) VALUES (\'Libro prueba\', \'George Orwell\', \'Ciencia Ficción\', \'Prueba1\', \'2021-06-15\', \'10\')')
 3 SYSTEMPATH\Database\BaseConnection.php(606): CodeIgniter\Database\BaseConnection->simpleQuery('INSERT INTO `libros` (`titulo`, `autor_id`, `categoria_id`, `descripcion`, `anio_publicacion`, `cantidad_disponible`) VALUES (\'Libro prueba\', \'George Orwell\', \'Ciencia Ficción\', \'Prueba1\', \'2021-06-15\', \'10\')')
 4 SYSTEMPATH\Database\BaseBuilder.php(2309): CodeIgniter\Database\BaseConnection->query('INSERT INTO `libros` (`titulo`, `autor_id`, `categoria_id`, `descripcion`, `anio_publicacion`, `cantidad_disponible`) VALUES (:titulo:, :autor_id:, :categoria_id:, :descripcion:, :anio_publicacion:, :cantidad_disponible:)', [...], false)
 5 SYSTEMPATH\Model.php(330): CodeIgniter\Database\BaseBuilder->insert()
 6 SYSTEMPATH\BaseModel.php(782): CodeIgniter\Model->doInsert([...])
 7 SYSTEMPATH\Model.php(730): CodeIgniter\BaseModel->insert([...], true)
 8 APPPATH\Controllers\ControllerLibros.php(56): CodeIgniter\Model->insert([...])
 9 SYSTEMPATH\CodeIgniter.php(932): App\Controllers\ControllerLibros->guardarLibro()
10 SYSTEMPATH\CodeIgniter.php(497): CodeIgniter\CodeIgniter->runController(Object(App\Controllers\ControllerLibros))
11 SYSTEMPATH\CodeIgniter.php(366): CodeIgniter\CodeIgniter->handleRequest(null, Object(Config\Cache), false)
12 FCPATH\index.php(67): CodeIgniter\CodeIgniter->run()
ERROR - 2023-10-29 04:58:59 --> mysqli_sql_exception: Cannot add or update a child row: a foreign key constraint fails (`pp2023_biblioteca_virtual`.`libros`, CONSTRAINT `libros_ibfk_1` FOREIGN KEY (`autor_id`) REFERENCES `autores` (`autor_id`)) in C:\xampp\htdocs\Proyectofinal\pp2023_Biblioteca_virtual\system\Database\MySQLi\Connection.php:295
Stack trace:
#0 C:\xampp\htdocs\Proyectofinal\pp2023_Biblioteca_virtual\system\Database\MySQLi\Connection.php(295): mysqli->query('INSERT INTO `li...', 0)
#1 C:\xampp\htdocs\Proyectofinal\pp2023_Biblioteca_virtual\system\Database\BaseConnection.php(692): CodeIgniter\Database\MySQLi\Connection->execute('INSERT INTO `li...')
#2 C:\xampp\htdocs\Proyectofinal\pp2023_Biblioteca_virtual\system\Database\BaseConnection.php(606): CodeIgniter\Database\BaseConnection->simpleQuery('INSERT INTO `li...')
#3 C:\xampp\htdocs\Proyectofinal\pp2023_Biblioteca_virtual\system\Database\BaseBuilder.php(2309): CodeIgniter\Database\BaseConnection->query('INSERT INTO `li...', Array, false)
#4 C:\xampp\htdocs\Proyectofinal\pp2023_Biblioteca_virtual\system\Model.php(330): CodeIgniter\Database\BaseBuilder->insert()
#5 C:\xampp\htdocs\Proyectofinal\pp2023_Biblioteca_virtual\system\BaseModel.php(782): CodeIgniter\Model->doInsert(Array)
#6 C:\xampp\htdocs\Proyectofinal\pp2023_Biblioteca_virtual\system\Model.php(730): CodeIgniter\BaseModel->insert(Array, true)
#7 C:\xampp\htdocs\Proyectofinal\pp2023_Biblioteca_virtual\app\Controllers\ControllerLibros.php(56): CodeIgniter\Model->insert(Array)
#8 C:\xampp\htdocs\Proyectofinal\pp2023_Biblioteca_virtual\system\CodeIgniter.php(932): App\Controllers\ControllerLibros->guardarLibro()
#9 C:\xampp\htdocs\Proyectofinal\pp2023_Biblioteca_virtual\system\CodeIgniter.php(497): CodeIgniter\CodeIgniter->runController(Object(App\Controllers\ControllerLibros))
#10 C:\xampp\htdocs\Proyectofinal\pp2023_Biblioteca_virtual\system\CodeIgniter.php(366): CodeIgniter\CodeIgniter->handleRequest(NULL, Object(Config\Cache), false)
#11 C:\xampp\htdocs\Proyectofinal\pp2023_Biblioteca_virtual\public\index.php(67): CodeIgniter\CodeIgniter->run()
#12 {main}
CRITICAL - 2023-10-29 04:58:59 --> Cannot add or update a child row: a foreign key constraint fails (`pp2023_biblioteca_virtual`.`libros`, CONSTRAINT `libros_ibfk_1` FOREIGN KEY (`autor_id`) REFERENCES `autores` (`autor_id`))
in SYSTEMPATH\Database\MySQLi\Connection.php on line 295.
 1 SYSTEMPATH\Database\MySQLi\Connection.php(295): mysqli->query('INSERT INTO `libros` (`titulo`, `autor_id`, `categoria_id`, `descripcion`, `anio_publicacion`, `cantidad_disponible`) VALUES (\'Libro prueba\', \'Agatha Christie\', \'Fantasía\', \'Prueba1\', \'2023-10-10\', \'10\')', 0)
 2 SYSTEMPATH\Database\BaseConnection.php(692): CodeIgniter\Database\MySQLi\Connection->execute('INSERT INTO `libros` (`titulo`, `autor_id`, `categoria_id`, `descripcion`, `anio_publicacion`, `cantidad_disponible`) VALUES (\'Libro prueba\', \'Agatha Christie\', \'Fantasía\', \'Prueba1\', \'2023-10-10\', \'10\')')
 3 SYSTEMPATH\Database\BaseConnection.php(606): CodeIgniter\Database\BaseConnection->simpleQuery('INSERT INTO `libros` (`titulo`, `autor_id`, `categoria_id`, `descripcion`, `anio_publicacion`, `cantidad_disponible`) VALUES (\'Libro prueba\', \'Agatha Christie\', \'Fantasía\', \'Prueba1\', \'2023-10-10\', \'10\')')
 4 SYSTEMPATH\Database\BaseBuilder.php(2309): CodeIgniter\Database\BaseConnection->query('INSERT INTO `libros` (`titulo`, `autor_id`, `categoria_id`, `descripcion`, `anio_publicacion`, `cantidad_disponible`) VALUES (:titulo:, :autor_id:, :categoria_id:, :descripcion:, :anio_publicacion:, :cantidad_disponible:)', [...], false)
 5 SYSTEMPATH\Model.php(330): CodeIgniter\Database\BaseBuilder->insert()
 6 SYSTEMPATH\BaseModel.php(782): CodeIgniter\Model->doInsert([...])
 7 SYSTEMPATH\Model.php(730): CodeIgniter\BaseModel->insert([...], true)
 8 APPPATH\Controllers\ControllerLibros.php(56): CodeIgniter\Model->insert([...])
 9 SYSTEMPATH\CodeIgniter.php(932): App\Controllers\ControllerLibros->guardarLibro()
10 SYSTEMPATH\CodeIgniter.php(497): CodeIgniter\CodeIgniter->runController(Object(App\Controllers\ControllerLibros))
11 SYSTEMPATH\CodeIgniter.php(366): CodeIgniter\CodeIgniter->handleRequest(null, Object(Config\Cache), false)
12 FCPATH\index.php(67): CodeIgniter\CodeIgniter->run()
ERROR - 2023-10-29 05:04:55 --> mysqli_sql_exception: Cannot add or update a child row: a foreign key constraint fails (`pp2023_biblioteca_virtual`.`libros`, CONSTRAINT `libros_ibfk_1` FOREIGN KEY (`autor_id`) REFERENCES `autores` (`autor_id`)) in C:\xampp\htdocs\Proyectofinal\pp2023_Biblioteca_virtual\system\Database\MySQLi\Connection.php:295
Stack trace:
#0 C:\xampp\htdocs\Proyectofinal\pp2023_Biblioteca_virtual\system\Database\MySQLi\Connection.php(295): mysqli->query('INSERT INTO `li...', 0)
#1 C:\xampp\htdocs\Proyectofinal\pp2023_Biblioteca_virtual\system\Database\BaseConnection.php(692): CodeIgniter\Database\MySQLi\Connection->execute('INSERT INTO `li...')
#2 C:\xampp\htdocs\Proyectofinal\pp2023_Biblioteca_virtual\system\Database\BaseConnection.php(606): CodeIgniter\Database\BaseConnection->simpleQuery('INSERT INTO `li...')
#3 C:\xampp\htdocs\Proyectofinal\pp2023_Biblioteca_virtual\system\Database\BaseBuilder.php(2309): CodeIgniter\Database\BaseConnection->query('INSERT INTO `li...', Array, false)
#4 C:\xampp\htdocs\Proyectofinal\pp2023_Biblioteca_virtual\system\Model.php(330): CodeIgniter\Database\BaseBuilder->insert()
#5 C:\xampp\htdocs\Proyectofinal\pp2023_Biblioteca_virtual\system\BaseModel.php(782): CodeIgniter\Model->doInsert(Array)
#6 C:\xampp\htdocs\Proyectofinal\pp2023_Biblioteca_virtual\system\Model.php(730): CodeIgniter\BaseModel->insert(Array, true)
#7 C:\xampp\htdocs\Proyectofinal\pp2023_Biblioteca_virtual\app\Controllers\ControllerLibros.php(56): CodeIgniter\Model->insert(Array)
#8 C:\xampp\htdocs\Proyectofinal\pp2023_Biblioteca_virtual\system\CodeIgniter.php(932): App\Controllers\ControllerLibros->guardarLibro()
#9 C:\xampp\htdocs\Proyectofinal\pp2023_Biblioteca_virtual\system\CodeIgniter.php(497): CodeIgniter\CodeIgniter->runController(Object(App\Controllers\ControllerLibros))
#10 C:\xampp\htdocs\Proyectofinal\pp2023_Biblioteca_virtual\system\CodeIgniter.php(366): CodeIgniter\CodeIgniter->handleRequest(NULL, Object(Config\Cache), false)
#11 C:\xampp\htdocs\Proyectofinal\pp2023_Biblioteca_virtual\public\index.php(67): CodeIgniter\CodeIgniter->run()
#12 {main}
CRITICAL - 2023-10-29 05:04:55 --> Cannot add or update a child row: a foreign key constraint fails (`pp2023_biblioteca_virtual`.`libros`, CONSTRAINT `libros_ibfk_1` FOREIGN KEY (`autor_id`) REFERENCES `autores` (`autor_id`))
in SYSTEMPATH\Database\MySQLi\Connection.php on line 295.
 1 SYSTEMPATH\Database\MySQLi\Connection.php(295): mysqli->query('INSERT INTO `libros` (`titulo`, `autor_id`, `categoria_id`, `descripcion`, `anio_publicacion`, `cantidad_disponible`) VALUES (\'Libro prueba\', \'\', \'\', \'Prueba1\', \'2023-10-11\', \'10\')', 0)
 2 SYSTEMPATH\Database\BaseConnection.php(692): CodeIgniter\Database\MySQLi\Connection->execute('INSERT INTO `libros` (`titulo`, `autor_id`, `categoria_id`, `descripcion`, `anio_publicacion`, `cantidad_disponible`) VALUES (\'Libro prueba\', \'\', \'\', \'Prueba1\', \'2023-10-11\', \'10\')')
 3 SYSTEMPATH\Database\BaseConnection.php(606): CodeIgniter\Database\BaseConnection->simpleQuery('INSERT INTO `libros` (`titulo`, `autor_id`, `categoria_id`, `descripcion`, `anio_publicacion`, `cantidad_disponible`) VALUES (\'Libro prueba\', \'\', \'\', \'Prueba1\', \'2023-10-11\', \'10\')')
 4 SYSTEMPATH\Database\BaseBuilder.php(2309): CodeIgniter\Database\BaseConnection->query('INSERT INTO `libros` (`titulo`, `autor_id`, `categoria_id`, `descripcion`, `anio_publicacion`, `cantidad_disponible`) VALUES (:titulo:, :autor_id:, :categoria_id:, :descripcion:, :anio_publicacion:, :cantidad_disponible:)', [...], false)
 5 SYSTEMPATH\Model.php(330): CodeIgniter\Database\BaseBuilder->insert()
 6 SYSTEMPATH\BaseModel.php(782): CodeIgniter\Model->doInsert([...])
 7 SYSTEMPATH\Model.php(730): CodeIgniter\BaseModel->insert([...], true)
 8 APPPATH\Controllers\ControllerLibros.php(56): CodeIgniter\Model->insert([...])
 9 SYSTEMPATH\CodeIgniter.php(932): App\Controllers\ControllerLibros->guardarLibro()
10 SYSTEMPATH\CodeIgniter.php(497): CodeIgniter\CodeIgniter->runController(Object(App\Controllers\ControllerLibros))
11 SYSTEMPATH\CodeIgniter.php(366): CodeIgniter\CodeIgniter->handleRequest(null, Object(Config\Cache), false)
12 FCPATH\index.php(67): CodeIgniter\CodeIgniter->run()
ERROR - 2023-10-29 05:05:23 --> mysqli_sql_exception: Cannot add or update a child row: a foreign key constraint fails (`pp2023_biblioteca_virtual`.`libros`, CONSTRAINT `libros_ibfk_1` FOREIGN KEY (`autor_id`) REFERENCES `autores` (`autor_id`)) in C:\xampp\htdocs\Proyectofinal\pp2023_Biblioteca_virtual\system\Database\MySQLi\Connection.php:295
Stack trace:
#0 C:\xampp\htdocs\Proyectofinal\pp2023_Biblioteca_virtual\system\Database\MySQLi\Connection.php(295): mysqli->query('INSERT INTO `li...', 0)
#1 C:\xampp\htdocs\Proyectofinal\pp2023_Biblioteca_virtual\system\Database\BaseConnection.php(692): CodeIgniter\Database\MySQLi\Connection->execute('INSERT INTO `li...')
#2 C:\xampp\htdocs\Proyectofinal\pp2023_Biblioteca_virtual\system\Database\BaseConnection.php(606): CodeIgniter\Database\BaseConnection->simpleQuery('INSERT INTO `li...')
#3 C:\xampp\htdocs\Proyectofinal\pp2023_Biblioteca_virtual\system\Database\BaseBuilder.php(2309): CodeIgniter\Database\BaseConnection->query('INSERT INTO `li...', Array, false)
#4 C:\xampp\htdocs\Proyectofinal\pp2023_Biblioteca_virtual\system\Model.php(330): CodeIgniter\Database\BaseBuilder->insert()
#5 C:\xampp\htdocs\Proyectofinal\pp2023_Biblioteca_virtual\system\BaseModel.php(782): CodeIgniter\Model->doInsert(Array)
#6 C:\xampp\htdocs\Proyectofinal\pp2023_Biblioteca_virtual\system\Model.php(730): CodeIgniter\BaseModel->insert(Array, true)
#7 C:\xampp\htdocs\Proyectofinal\pp2023_Biblioteca_virtual\app\Controllers\ControllerLibros.php(56): CodeIgniter\Model->insert(Array)
#8 C:\xampp\htdocs\Proyectofinal\pp2023_Biblioteca_virtual\system\CodeIgniter.php(932): App\Controllers\ControllerLibros->guardarLibro()
#9 C:\xampp\htdocs\Proyectofinal\pp2023_Biblioteca_virtual\system\CodeIgniter.php(497): CodeIgniter\CodeIgniter->runController(Object(App\Controllers\ControllerLibros))
#10 C:\xampp\htdocs\Proyectofinal\pp2023_Biblioteca_virtual\system\CodeIgniter.php(366): CodeIgniter\CodeIgniter->handleRequest(NULL, Object(Config\Cache), false)
#11 C:\xampp\htdocs\Proyectofinal\pp2023_Biblioteca_virtual\public\index.php(67): CodeIgniter\CodeIgniter->run()
#12 {main}
CRITICAL - 2023-10-29 05:05:23 --> Cannot add or update a child row: a foreign key constraint fails (`pp2023_biblioteca_virtual`.`libros`, CONSTRAINT `libros_ibfk_1` FOREIGN KEY (`autor_id`) REFERENCES `autores` (`autor_id`))
in SYSTEMPATH\Database\MySQLi\Connection.php on line 295.
 1 SYSTEMPATH\Database\MySQLi\Connection.php(295): mysqli->query('INSERT INTO `libros` (`titulo`, `autor_id`, `categoria_id`, `descripcion`, `anio_publicacion`, `cantidad_disponible`) VALUES (\'Libro prueba\', \'Gabriel García Márquez\', \'Novela\', \'Prueba1\', \'2023-10-11\', \'10\')', 0)
 2 SYSTEMPATH\Database\BaseConnection.php(692): CodeIgniter\Database\MySQLi\Connection->execute('INSERT INTO `libros` (`titulo`, `autor_id`, `categoria_id`, `descripcion`, `anio_publicacion`, `cantidad_disponible`) VALUES (\'Libro prueba\', \'Gabriel García Márquez\', \'Novela\', \'Prueba1\', \'2023-10-11\', \'10\')')
 3 SYSTEMPATH\Database\BaseConnection.php(606): CodeIgniter\Database\BaseConnection->simpleQuery('INSERT INTO `libros` (`titulo`, `autor_id`, `categoria_id`, `descripcion`, `anio_publicacion`, `cantidad_disponible`) VALUES (\'Libro prueba\', \'Gabriel García Márquez\', \'Novela\', \'Prueba1\', \'2023-10-11\', \'10\')')
 4 SYSTEMPATH\Database\BaseBuilder.php(2309): CodeIgniter\Database\BaseConnection->query('INSERT INTO `libros` (`titulo`, `autor_id`, `categoria_id`, `descripcion`, `anio_publicacion`, `cantidad_disponible`) VALUES (:titulo:, :autor_id:, :categoria_id:, :descripcion:, :anio_publicacion:, :cantidad_disponible:)', [...], false)
 5 SYSTEMPATH\Model.php(330): CodeIgniter\Database\BaseBuilder->insert()
 6 SYSTEMPATH\BaseModel.php(782): CodeIgniter\Model->doInsert([...])
 7 SYSTEMPATH\Model.php(730): CodeIgniter\BaseModel->insert([...], true)
 8 APPPATH\Controllers\ControllerLibros.php(56): CodeIgniter\Model->insert([...])
 9 SYSTEMPATH\CodeIgniter.php(932): App\Controllers\ControllerLibros->guardarLibro()
10 SYSTEMPATH\CodeIgniter.php(497): CodeIgniter\CodeIgniter->runController(Object(App\Controllers\ControllerLibros))
11 SYSTEMPATH\CodeIgniter.php(366): CodeIgniter\CodeIgniter->handleRequest(null, Object(Config\Cache), false)
12 FCPATH\index.php(67): CodeIgniter\CodeIgniter->run()
ERROR - 2023-10-29 05:09:34 --> mysqli_sql_exception: Cannot add or update a child row: a foreign key constraint fails (`pp2023_biblioteca_virtual`.`libros`, CONSTRAINT `libros_ibfk_1` FOREIGN KEY (`autor_id`) REFERENCES `autores` (`autor_id`)) in C:\xampp\htdocs\Proyectofinal\pp2023_Biblioteca_virtual\system\Database\MySQLi\Connection.php:295
Stack trace:
#0 C:\xampp\htdocs\Proyectofinal\pp2023_Biblioteca_virtual\system\Database\MySQLi\Connection.php(295): mysqli->query('INSERT INTO `li...', 0)
#1 C:\xampp\htdocs\Proyectofinal\pp2023_Biblioteca_virtual\system\Database\BaseConnection.php(692): CodeIgniter\Database\MySQLi\Connection->execute('INSERT INTO `li...')
#2 C:\xampp\htdocs\Proyectofinal\pp2023_Biblioteca_virtual\system\Database\BaseConnection.php(606): CodeIgniter\Database\BaseConnection->simpleQuery('INSERT INTO `li...')
#3 C:\xampp\htdocs\Proyectofinal\pp2023_Biblioteca_virtual\system\Database\BaseBuilder.php(2309): CodeIgniter\Database\BaseConnection->query('INSERT INTO `li...', Array, false)
#4 C:\xampp\htdocs\Proyectofinal\pp2023_Biblioteca_virtual\system\Model.php(330): CodeIgniter\Database\BaseBuilder->insert()
#5 C:\xampp\htdocs\Proyectofinal\pp2023_Biblioteca_virtual\system\BaseModel.php(782): CodeIgniter\Model->doInsert(Array)
#6 C:\xampp\htdocs\Proyectofinal\pp2023_Biblioteca_virtual\system\Model.php(730): CodeIgniter\BaseModel->insert(Array, true)
#7 C:\xampp\htdocs\Proyectofinal\pp2023_Biblioteca_virtual\app\Controllers\ControllerLibros.php(56): CodeIgniter\Model->insert(Array)
#8 C:\xampp\htdocs\Proyectofinal\pp2023_Biblioteca_virtual\system\CodeIgniter.php(932): App\Controllers\ControllerLibros->guardarLibro()
#9 C:\xampp\htdocs\Proyectofinal\pp2023_Biblioteca_virtual\system\CodeIgniter.php(497): CodeIgniter\CodeIgniter->runController(Object(App\Controllers\ControllerLibros))
#10 C:\xampp\htdocs\Proyectofinal\pp2023_Biblioteca_virtual\system\CodeIgniter.php(366): CodeIgniter\CodeIgniter->handleRequest(NULL, Object(Config\Cache), false)
#11 C:\xampp\htdocs\Proyectofinal\pp2023_Biblioteca_virtual\public\index.php(67): CodeIgniter\CodeIgniter->run()
#12 {main}
CRITICAL - 2023-10-29 05:09:34 --> Cannot add or update a child row: a foreign key constraint fails (`pp2023_biblioteca_virtual`.`libros`, CONSTRAINT `libros_ibfk_1` FOREIGN KEY (`autor_id`) REFERENCES `autores` (`autor_id`))
in SYSTEMPATH\Database\MySQLi\Connection.php on line 295.
 1 SYSTEMPATH\Database\MySQLi\Connection.php(295): mysqli->query('INSERT INTO `libros` (`titulo`, `autor_id`, `categoria_id`, `descripcion`, `anio_publicacion`, `cantidad_disponible`) VALUES (\'prueba2\', \'Gabriel García Márquez\', \'Novela\', \'prueba2\', \'1997-02-11\', \'4\')', 0)
 2 SYSTEMPATH\Database\BaseConnection.php(692): CodeIgniter\Database\MySQLi\Connection->execute('INSERT INTO `libros` (`titulo`, `autor_id`, `categoria_id`, `descripcion`, `anio_publicacion`, `cantidad_disponible`) VALUES (\'prueba2\', \'Gabriel García Márquez\', \'Novela\', \'prueba2\', \'1997-02-11\', \'4\')')
 3 SYSTEMPATH\Database\BaseConnection.php(606): CodeIgniter\Database\BaseConnection->simpleQuery('INSERT INTO `libros` (`titulo`, `autor_id`, `categoria_id`, `descripcion`, `anio_publicacion`, `cantidad_disponible`) VALUES (\'prueba2\', \'Gabriel García Márquez\', \'Novela\', \'prueba2\', \'1997-02-11\', \'4\')')
 4 SYSTEMPATH\Database\BaseBuilder.php(2309): CodeIgniter\Database\BaseConnection->query('INSERT INTO `libros` (`titulo`, `autor_id`, `categoria_id`, `descripcion`, `anio_publicacion`, `cantidad_disponible`) VALUES (:titulo:, :autor_id:, :categoria_id:, :descripcion:, :anio_publicacion:, :cantidad_disponible:)', [...], false)
 5 SYSTEMPATH\Model.php(330): CodeIgniter\Database\BaseBuilder->insert()
 6 SYSTEMPATH\BaseModel.php(782): CodeIgniter\Model->doInsert([...])
 7 SYSTEMPATH\Model.php(730): CodeIgniter\BaseModel->insert([...], true)
 8 APPPATH\Controllers\ControllerLibros.php(56): CodeIgniter\Model->insert([...])
 9 SYSTEMPATH\CodeIgniter.php(932): App\Controllers\ControllerLibros->guardarLibro()
10 SYSTEMPATH\CodeIgniter.php(497): CodeIgniter\CodeIgniter->runController(Object(App\Controllers\ControllerLibros))
11 SYSTEMPATH\CodeIgniter.php(366): CodeIgniter\CodeIgniter->handleRequest(null, Object(Config\Cache), false)
12 FCPATH\index.php(67): CodeIgniter\CodeIgniter->run()
ERROR - 2023-10-29 05:33:49 --> mysqli_sql_exception: Cannot add or update a child row: a foreign key constraint fails (`pp2023_biblioteca_virtual`.`libros`, CONSTRAINT `libros_ibfk_1` FOREIGN KEY (`autor_id`) REFERENCES `autores` (`autor_id`)) in C:\xampp\htdocs\Proyectofinal\pp2023_Biblioteca_virtual\system\Database\MySQLi\Connection.php:295
Stack trace:
#0 C:\xampp\htdocs\Proyectofinal\pp2023_Biblioteca_virtual\system\Database\MySQLi\Connection.php(295): mysqli->query('INSERT INTO `li...', 0)
#1 C:\xampp\htdocs\Proyectofinal\pp2023_Biblioteca_virtual\system\Database\BaseConnection.php(692): CodeIgniter\Database\MySQLi\Connection->execute('INSERT INTO `li...')
#2 C:\xampp\htdocs\Proyectofinal\pp2023_Biblioteca_virtual\system\Database\BaseConnection.php(606): CodeIgniter\Database\BaseConnection->simpleQuery('INSERT INTO `li...')
#3 C:\xampp\htdocs\Proyectofinal\pp2023_Biblioteca_virtual\system\Database\BaseBuilder.php(2309): CodeIgniter\Database\BaseConnection->query('INSERT INTO `li...', Array, false)
#4 C:\xampp\htdocs\Proyectofinal\pp2023_Biblioteca_virtual\system\Model.php(330): CodeIgniter\Database\BaseBuilder->insert()
#5 C:\xampp\htdocs\Proyectofinal\pp2023_Biblioteca_virtual\system\BaseModel.php(782): CodeIgniter\Model->doInsert(Array)
#6 C:\xampp\htdocs\Proyectofinal\pp2023_Biblioteca_virtual\system\Model.php(730): CodeIgniter\BaseModel->insert(Array, true)
#7 C:\xampp\htdocs\Proyectofinal\pp2023_Biblioteca_virtual\app\Controllers\ControllerLibros.php(55): CodeIgniter\Model->insert(Array)
#8 C:\xampp\htdocs\Proyectofinal\pp2023_Biblioteca_virtual\system\CodeIgniter.php(932): App\Controllers\ControllerLibros->guardarLibro()
#9 C:\xampp\htdocs\Proyectofinal\pp2023_Biblioteca_virtual\system\CodeIgniter.php(497): CodeIgniter\CodeIgniter->runController(Object(App\Controllers\ControllerLibros))
#10 C:\xampp\htdocs\Proyectofinal\pp2023_Biblioteca_virtual\system\CodeIgniter.php(366): CodeIgniter\CodeIgniter->handleRequest(NULL, Object(Config\Cache), false)
#11 C:\xampp\htdocs\Proyectofinal\pp2023_Biblioteca_virtual\public\index.php(67): CodeIgniter\CodeIgniter->run()
#12 {main}
CRITICAL - 2023-10-29 05:33:49 --> Cannot add or update a child row: a foreign key constraint fails (`pp2023_biblioteca_virtual`.`libros`, CONSTRAINT `libros_ibfk_1` FOREIGN KEY (`autor_id`) REFERENCES `autores` (`autor_id`))
in SYSTEMPATH\Database\MySQLi\Connection.php on line 295.
 1 SYSTEMPATH\Database\MySQLi\Connection.php(295): mysqli->query('INSERT INTO `libros` (`titulo`, `autor_id`, `categoria_id`, `descripcion`, `anio_publicacion`, `cantidad_disponible`) VALUES (\'prueba4\', \'Gabriel García Márquez\', \'Novela\', \'prueba4\', \'2023-10-10\', \'3\')', 0)
 2 SYSTEMPATH\Database\BaseConnection.php(692): CodeIgniter\Database\MySQLi\Connection->execute('INSERT INTO `libros` (`titulo`, `autor_id`, `categoria_id`, `descripcion`, `anio_publicacion`, `cantidad_disponible`) VALUES (\'prueba4\', \'Gabriel García Márquez\', \'Novela\', \'prueba4\', \'2023-10-10\', \'3\')')
 3 SYSTEMPATH\Database\BaseConnection.php(606): CodeIgniter\Database\BaseConnection->simpleQuery('INSERT INTO `libros` (`titulo`, `autor_id`, `categoria_id`, `descripcion`, `anio_publicacion`, `cantidad_disponible`) VALUES (\'prueba4\', \'Gabriel García Márquez\', \'Novela\', \'prueba4\', \'2023-10-10\', \'3\')')
 4 SYSTEMPATH\Database\BaseBuilder.php(2309): CodeIgniter\Database\BaseConnection->query('INSERT INTO `libros` (`titulo`, `autor_id`, `categoria_id`, `descripcion`, `anio_publicacion`, `cantidad_disponible`) VALUES (:titulo:, :autor_id:, :categoria_id:, :descripcion:, :anio_publicacion:, :cantidad_disponible:)', [...], false)
 5 SYSTEMPATH\Model.php(330): CodeIgniter\Database\BaseBuilder->insert()
 6 SYSTEMPATH\BaseModel.php(782): CodeIgniter\Model->doInsert([...])
 7 SYSTEMPATH\Model.php(730): CodeIgniter\BaseModel->insert([...], true)
 8 APPPATH\Controllers\ControllerLibros.php(55): CodeIgniter\Model->insert([...])
 9 SYSTEMPATH\CodeIgniter.php(932): App\Controllers\ControllerLibros->guardarLibro()
10 SYSTEMPATH\CodeIgniter.php(497): CodeIgniter\CodeIgniter->runController(Object(App\Controllers\ControllerLibros))
11 SYSTEMPATH\CodeIgniter.php(366): CodeIgniter\CodeIgniter->handleRequest(null, Object(Config\Cache), false)
12 FCPATH\index.php(67): CodeIgniter\CodeIgniter->run()
CRITICAL - 2023-10-29 06:15:56 --> Undefined variable $usuarios
in APPPATH\Views\actualizar_prestamo.php on line 69.
 1 APPPATH\Views\actualizar_prestamo.php(69): CodeIgniter\Debug\Exceptions->errorHandler(2, 'Undefined variable $usuarios', 'C:\\xampp\\htdocs\\Proyectofinal\\pp2023_Biblioteca_virtual\\app\\Views\\actualizar_prestamo.php', 69)
 2 SYSTEMPATH\View\View.php(224): include('C:\\xampp\\htdocs\\Proyectofinal\\pp2023_Biblioteca_virtual\\app\\Views\\actualizar_prestamo.php')
 3 SYSTEMPATH\View\View.php(227): CodeIgniter\View\View->CodeIgniter\View\{closure}()
 4 SYSTEMPATH\Common.php(1180): CodeIgniter\View\View->render('actualizar_prestamo', [], true)
 5 APPPATH\Controllers\ControllerPrestamos.php(58): view('actualizar_prestamo', [...])
 6 SYSTEMPATH\CodeIgniter.php(932): App\Controllers\ControllerPrestamos->verPrestamo('6')
 7 SYSTEMPATH\CodeIgniter.php(497): CodeIgniter\CodeIgniter->runController(Object(App\Controllers\ControllerPrestamos))
 8 SYSTEMPATH\CodeIgniter.php(366): CodeIgniter\CodeIgniter->handleRequest(null, Object(Config\Cache), false)
 9 FCPATH\index.php(67): CodeIgniter\CodeIgniter->run()
CRITICAL - 2023-10-29 06:16:09 --> Undefined variable $usuarios
in APPPATH\Views\actualizar_prestamo.php on line 69.
 1 APPPATH\Views\actualizar_prestamo.php(69): CodeIgniter\Debug\Exceptions->errorHandler(2, 'Undefined variable $usuarios', 'C:\\xampp\\htdocs\\Proyectofinal\\pp2023_Biblioteca_virtual\\app\\Views\\actualizar_prestamo.php', 69)
 2 SYSTEMPATH\View\View.php(224): include('C:\\xampp\\htdocs\\Proyectofinal\\pp2023_Biblioteca_virtual\\app\\Views\\actualizar_prestamo.php')
 3 SYSTEMPATH\View\View.php(227): CodeIgniter\View\View->CodeIgniter\View\{closure}()
 4 SYSTEMPATH\Common.php(1180): CodeIgniter\View\View->render('actualizar_prestamo', [], true)
 5 APPPATH\Controllers\ControllerPrestamos.php(58): view('actualizar_prestamo', [...])
 6 SYSTEMPATH\CodeIgniter.php(932): App\Controllers\ControllerPrestamos->verPrestamo('1')
 7 SYSTEMPATH\CodeIgniter.php(497): CodeIgniter\CodeIgniter->runController(Object(App\Controllers\ControllerPrestamos))
 8 SYSTEMPATH\CodeIgniter.php(366): CodeIgniter\CodeIgniter->handleRequest(null, Object(Config\Cache), false)
 9 FCPATH\index.php(67): CodeIgniter\CodeIgniter->run()
CRITICAL - 2023-10-29 06:16:16 --> Undefined variable $usuarios
in APPPATH\Views\actualizar_prestamo.php on line 69.
 1 APPPATH\Views\actualizar_prestamo.php(69): CodeIgniter\Debug\Exceptions->errorHandler(2, 'Undefined variable $usuarios', 'C:\\xampp\\htdocs\\Proyectofinal\\pp2023_Biblioteca_virtual\\app\\Views\\actualizar_prestamo.php', 69)
 2 SYSTEMPATH\View\View.php(224): include('C:\\xampp\\htdocs\\Proyectofinal\\pp2023_Biblioteca_virtual\\app\\Views\\actualizar_prestamo.php')
 3 SYSTEMPATH\View\View.php(227): CodeIgniter\View\View->CodeIgniter\View\{closure}()
 4 SYSTEMPATH\Common.php(1180): CodeIgniter\View\View->render('actualizar_prestamo', [], true)
 5 APPPATH\Controllers\ControllerPrestamos.php(58): view('actualizar_prestamo', [...])
 6 SYSTEMPATH\CodeIgniter.php(932): App\Controllers\ControllerPrestamos->verPrestamo('6')
 7 SYSTEMPATH\CodeIgniter.php(497): CodeIgniter\CodeIgniter->runController(Object(App\Controllers\ControllerPrestamos))
 8 SYSTEMPATH\CodeIgniter.php(366): CodeIgniter\CodeIgniter->handleRequest(null, Object(Config\Cache), false)
 9 FCPATH\index.php(67): CodeIgniter\CodeIgniter->run()
